{"meta": {"format": 3, "version": "7.13.0", "timestamp": "2026-01-10T01:20:34.234340", "branch_coverage": false, "show_contexts": false}, "files": {"src/kimball/__init__.py": {"executed_lines": [1, 2, 3, 4, 12, 13, 26, 27, 28, 34, 35, 36, 38], "summary": {"covered_lines": 13, "num_statements": 13, "percent_covered": 100.0, "percent_covered_display": "100", "missing_lines": 0, "excluded_lines": 0, "percent_statements_covered": 100.0, "percent_statements_covered_display": "100"}, "missing_lines": [], "excluded_lines": [], "functions": {"": {"executed_lines": [1, 2, 3, 4, 12, 13, 26, 27, 28, 34, 35, 36, 38], "summary": {"covered_lines": 13, "num_statements": 13, "percent_covered": 100.0, "percent_covered_display": "100", "missing_lines": 0, "excluded_lines": 0, "percent_statements_covered": 100.0, "percent_statements_covered_display": "100"}, "missing_lines": [], "excluded_lines": []}}, "classes": {"": {"executed_lines": [1, 2, 3, 4, 12, 13, 26, 27, 28, 34, 35, 36, 38], "summary": {"covered_lines": 13, "num_statements": 13, "percent_covered": 100.0, "percent_covered_display": "100", "missing_lines": 0, "excluded_lines": 0, "percent_statements_covered": 100.0, "percent_statements_covered_display": "100"}, "missing_lines": [], "excluded_lines": []}}}, "src/kimball/bus_matrix.py": {"executed_lines": [1, 2, 4, 7, 11, 12, 13, 16, 20, 22, 23, 24, 26, 27, 28, 29, 33, 34, 35, 36, 41, 42, 46, 47, 50, 51, 52, 53, 54, 55, 57, 58, 60], "summary": {"covered_lines": 33, "num_statements": 35, "percent_covered": 94.28571428571429, "percent_covered_display": "94", "missing_lines": 2, "excluded_lines": 0, "percent_statements_covered": 94.28571428571429, "percent_statements_covered_display": "94"}, "missing_lines": [37, 38], "excluded_lines": [], "functions": {"generate_bus_matrix": {"executed_lines": [11, 12, 13, 16, 20, 22, 23, 24, 26, 27, 28, 29, 33, 34, 35, 36, 41, 42, 46, 47, 50, 51, 52, 53, 54, 55, 57, 58, 60], "summary": {"covered_lines": 29, "num_statements": 31, "percent_covered": 93.54838709677419, "percent_covered_display": "94", "missing_lines": 2, "excluded_lines": 0, "percent_statements_covered": 93.54838709677419, "percent_statements_covered_display": "94"}, "missing_lines": [37, 38], "excluded_lines": []}, "": {"executed_lines": [1, 2, 4, 7], "summary": {"covered_lines": 4, "num_statements": 4, "percent_covered": 100.0, "percent_covered_display": "100", "missing_lines": 0, "excluded_lines": 0, "percent_statements_covered": 100.0, "percent_statements_covered_display": "100"}, "missing_lines": [], "excluded_lines": []}}, "classes": {"": {"executed_lines": [1, 2, 4, 7, 11, 12, 13, 16, 20, 22, 23, 24, 26, 27, 28, 29, 33, 34, 35, 36, 41, 42, 46, 47, 50, 51, 52, 53, 54, 55, 57, 58, 60], "summary": {"covered_lines": 33, "num_statements": 35, "percent_covered": 94.28571428571429, "percent_covered_display": "94", "missing_lines": 2, "excluded_lines": 0, "percent_statements_covered": 94.28571428571429, "percent_statements_covered_display": "94"}, "missing_lines": [37, 38], "excluded_lines": []}}}, "src/kimball/compiler.py": {"executed_lines": [1, 21, 23, 24, 25, 26, 27, 29, 30, 32, 36, 37, 39, 42, 43, 44, 46, 47, 48, 49, 50, 52, 53, 54, 57, 62, 63, 72, 79, 80, 82, 83, 85, 89, 91, 107, 108, 111, 112, 113, 120, 121, 122, 123, 124, 125, 128, 129, 132, 133, 136, 138, 146, 162, 163, 166, 167, 170, 171, 173, 181, 185, 187, 191, 192, 193, 194, 200, 202, 210, 212, 213, 214, 215, 216, 218, 220, 226, 229, 230, 232, 240, 242, 243, 245, 246, 248, 249, 250, 259, 263, 264, 268, 270, 272, 273, 274, 276, 278, 279, 281, 286, 287, 289, 291, 292, 293, 296, 301, 303, 304, 305, 307, 308, 311, 313, 314, 315], "summary": {"covered_lines": 113, "num_statements": 125, "percent_covered": 90.4, "percent_covered_display": "90", "missing_lines": 12, "excluded_lines": 2, "percent_statements_covered": 90.4, "percent_statements_covered_display": "90"}, "missing_lines": [86, 88, 195, 196, 197, 198, 253, 255, 265, 294, 319, 321], "excluded_lines": [32, 33], "functions": {"CompileResult.__str__": {"executed_lines": [53, 54, 57], "summary": {"covered_lines": 3, "num_statements": 3, "percent_covered": 100.0, "percent_covered_display": "100", "missing_lines": 0, "excluded_lines": 0, "percent_statements_covered": 100.0, "percent_statements_covered_display": "100"}, "missing_lines": [], "excluded_lines": []}, "PipelineCompiler.__init__": {"executed_lines": [79, 80], "summary": {"covered_lines": 2, "num_statements": 2, "percent_covered": 100.0, "percent_covered_display": "100", "missing_lines": 0, "excluded_lines": 0, "percent_statements_covered": 100.0, "percent_statements_covered_display": "100"}, "missing_lines": [], "excluded_lines": []}, "PipelineCompiler.spark": {"executed_lines": [85, 89], "summary": {"covered_lines": 2, "num_statements": 4, "percent_covered": 50.0, "percent_covered_display": "50", "missing_lines": 2, "excluded_lines": 0, "percent_statements_covered": 50.0, "percent_statements_covered_display": "50"}, "missing_lines": [86, 88], "excluded_lines": []}, "PipelineCompiler.compile_all": {"executed_lines": [107, 108, 111, 112, 113, 120, 121, 122, 123, 124, 125, 128, 129, 132, 133, 136, 138], "summary": {"covered_lines": 17, "num_statements": 17, "percent_covered": 100.0, "percent_covered_display": "100", "missing_lines": 0, "excluded_lines": 0, "percent_statements_covered": 100.0, "percent_statements_covered_display": "100"}, "missing_lines": [], "excluded_lines": []}, "PipelineCompiler.compile_config": {"executed_lines": [162, 163, 166, 167, 170, 171, 173], "summary": {"covered_lines": 7, "num_statements": 7, "percent_covered": 100.0, "percent_covered_display": "100", "missing_lines": 0, "excluded_lines": 0, "percent_statements_covered": 100.0, "percent_statements_covered_display": "100"}, "missing_lines": [], "excluded_lines": []}, "PipelineCompiler._load_all_configs": {"executed_lines": [185, 187, 191, 192, 193, 194, 200], "summary": {"covered_lines": 7, "num_statements": 11, "percent_covered": 63.63636363636363, "percent_covered_display": "64", "missing_lines": 4, "excluded_lines": 0, "percent_statements_covered": 63.63636363636363, "percent_statements_covered_display": "64"}, "missing_lines": [195, 196, 197, 198], "excluded_lines": []}, "PipelineCompiler._build_dependency_graph": {"executed_lines": [210, 212, 213, 214, 215, 216, 218], "summary": {"covered_lines": 7, "num_statements": 7, "percent_covered": 100.0, "percent_covered_display": "100", "missing_lines": 0, "excluded_lines": 0, "percent_statements_covered": 100.0, "percent_statements_covered_display": "100"}, "missing_lines": [], "excluded_lines": []}, "PipelineCompiler._build_and_validate_dag": {"executed_lines": [226, 229, 230], "summary": {"covered_lines": 3, "num_statements": 3, "percent_covered": 100.0, "percent_covered_display": "100", "missing_lines": 0, "excluded_lines": 0, "percent_statements_covered": 100.0, "percent_statements_covered_display": "100"}, "missing_lines": [], "excluded_lines": []}, "PipelineCompiler._validate_sources_exist": {"executed_lines": [240, 242, 243, 245, 246, 248, 249, 250], "summary": {"covered_lines": 8, "num_statements": 10, "percent_covered": 80.0, "percent_covered_display": "80", "missing_lines": 2, "excluded_lines": 0, "percent_statements_covered": 80.0, "percent_statements_covered_display": "80"}, "missing_lines": [253, 255], "excluded_lines": []}, "PipelineCompiler._validate_sql_syntax": {"executed_lines": [263, 264, 268, 270, 272, 273, 274, 276, 278, 279], "summary": {"covered_lines": 10, "num_statements": 11, "percent_covered": 90.9090909090909, "percent_covered_display": "91", "missing_lines": 1, "excluded_lines": 0, "percent_statements_covered": 90.9090909090909, "percent_statements_covered_display": "91"}, "missing_lines": [265], "excluded_lines": []}, "PipelineCompiler._build_validation_sql": {"executed_lines": [286, 287, 289, 291, 292, 293], "summary": {"covered_lines": 6, "num_statements": 7, "percent_covered": 85.71428571428571, "percent_covered_display": "86", "missing_lines": 1, "excluded_lines": 0, "percent_statements_covered": 85.71428571428571, "percent_statements_covered_display": "86"}, "missing_lines": [294], "excluded_lines": []}, "PipelineCompiler._validate_foreign_keys": {"executed_lines": [301, 303, 304, 305, 307, 308, 311, 313, 314, 315], "summary": {"covered_lines": 10, "num_statements": 12, "percent_covered": 83.33333333333333, "percent_covered_display": "83", "missing_lines": 2, "excluded_lines": 0, "percent_statements_covered": 83.33333333333333, "percent_statements_covered_display": "83"}, "missing_lines": [319, 321], "excluded_lines": []}, "": {"executed_lines": [1, 21, 23, 24, 25, 26, 27, 29, 30, 32, 36, 37, 39, 42, 43, 44, 46, 47, 48, 49, 50, 52, 62, 63, 72, 82, 83, 91, 146, 181, 202, 220, 232, 259, 281, 296], "summary": {"covered_lines": 31, "num_statements": 31, "percent_covered": 100.0, "percent_covered_display": "100", "missing_lines": 0, "excluded_lines": 2, "percent_statements_covered": 100.0, "percent_statements_covered_display": "100"}, "missing_lines": [], "excluded_lines": [32, 33]}}, "classes": {"CompileError": {"executed_lines": [], "summary": {"covered_lines": 0, "num_statements": 0, "percent_covered": 100.0, "percent_covered_display": "100", "missing_lines": 0, "excluded_lines": 0, "percent_statements_covered": 100.0, "percent_statements_covered_display": "100"}, "missing_lines": [], "excluded_lines": []}, "CompileResult": {"executed_lines": [53, 54, 57], "summary": {"covered_lines": 3, "num_statements": 3, "percent_covered": 100.0, "percent_covered_display": "100", "missing_lines": 0, "excluded_lines": 0, "percent_statements_covered": 100.0, "percent_statements_covered_display": "100"}, "missing_lines": [], "excluded_lines": []}, "PipelineCompiler": {"executed_lines": [79, 80, 85, 89, 107, 108, 111, 112, 113, 120, 121, 122, 123, 124, 125, 128, 129, 132, 133, 136, 138, 162, 163, 166, 167, 170, 171, 173, 185, 187, 191, 192, 193, 194, 200, 210, 212, 213, 214, 215, 216, 218, 226, 229, 230, 240, 242, 243, 245, 246, 248, 249, 250, 263, 264, 268, 270, 272, 273, 274, 276, 278, 279, 286, 287, 289, 291, 292, 293, 301, 303, 304, 305, 307, 308, 311, 313, 314, 315], "summary": {"covered_lines": 79, "num_statements": 91, "percent_covered": 86.81318681318682, "percent_covered_display": "87", "missing_lines": 12, "excluded_lines": 0, "percent_statements_covered": 86.81318681318682, "percent_statements_covered_display": "87"}, "missing_lines": [86, 88, 195, 196, 197, 198, 253, 255, 265, 294, 319, 321], "excluded_lines": []}, "": {"executed_lines": [1, 21, 23, 24, 25, 26, 27, 29, 30, 32, 36, 37, 39, 42, 43, 44, 46, 47, 48, 49, 50, 52, 62, 63, 72, 82, 83, 91, 146, 181, 202, 220, 232, 259, 281, 296], "summary": {"covered_lines": 31, "num_statements": 31, "percent_covered": 100.0, "percent_covered_display": "100", "missing_lines": 0, "excluded_lines": 2, "percent_statements_covered": 100.0, "percent_statements_covered_display": "100"}, "missing_lines": [], "excluded_lines": [32, 33]}}}, "src/kimball/config.py": {"executed_lines": [1, 2, 3, 5, 6, 7, 10, 11, 12, 14, 15, 18, 19, 20, 21, 22, 23, 24, 27, 30, 31, 32, 37, 38, 41, 46, 47, 48, 53, 54, 59, 60, 61, 62, 63, 64, 65, 66, 67, 68, 69, 70, 71, 72, 75, 76, 79, 80, 81, 84, 87, 90, 93, 94, 100, 204, 214, 215, 217, 224, 225, 228, 229, 232, 235, 236, 237, 238, 243, 246, 248, 264, 285, 287, 288, 300, 301, 304, 305, 307, 311, 314, 315, 324, 348, 352, 353, 354, 362, 366, 367], "summary": {"covered_lines": 87, "num_statements": 107, "percent_covered": 81.30841121495327, "percent_covered_display": "81", "missing_lines": 20, "excluded_lines": 0, "percent_statements_covered": 81.30841121495327, "percent_statements_covered_display": "81"}, "missing_lines": [244, 252, 253, 255, 257, 258, 259, 260, 274, 276, 277, 279, 280, 281, 283, 306, 308, 345, 346, 368], "excluded_lines": [], "functions": {"ConfigLoader.__init__": {"executed_lines": [214, 215], "summary": {"covered_lines": 2, "num_statements": 2, "percent_covered": 100.0, "percent_covered_display": "100", "missing_lines": 0, "excluded_lines": 0, "percent_statements_covered": 100.0, "percent_statements_covered_display": "100"}, "missing_lines": [], "excluded_lines": []}, "ConfigLoader.load_config": {"executed_lines": [224, 225, 228, 229, 232, 235, 236, 237, 238, 243, 246], "summary": {"covered_lines": 11, "num_statements": 12, "percent_covered": 91.66666666666667, "percent_covered_display": "92", "missing_lines": 1, "excluded_lines": 0, "percent_statements_covered": 91.66666666666667, "percent_statements_covered_display": "92"}, "missing_lines": [244], "excluded_lines": []}, "ConfigLoader._validate_with_pydantic": {"executed_lines": [], "summary": {"covered_lines": 0, "num_statements": 7, "percent_covered": 0.0, "percent_covered_display": "0", "missing_lines": 7, "excluded_lines": 0, "percent_statements_covered": 0.0, "percent_statements_covered_display": "0"}, "missing_lines": [252, 253, 255, 257, 258, 259, 260], "excluded_lines": []}, "ConfigLoader.load_config_pydantic": {"executed_lines": [], "summary": {"covered_lines": 0, "num_statements": 7, "percent_covered": 0.0, "percent_covered_display": "0", "missing_lines": 7, "excluded_lines": 0, "percent_statements_covered": 0.0, "percent_statements_covered_display": "0"}, "missing_lines": [274, 276, 277, 279, 280, 281, 283], "excluded_lines": []}, "ConfigLoader._parse_dict": {"executed_lines": [287, 288, 300, 301, 304, 305, 307, 311, 314, 315, 324], "summary": {"covered_lines": 11, "num_statements": 15, "percent_covered": 73.33333333333333, "percent_covered_display": "73", "missing_lines": 4, "excluded_lines": 0, "percent_statements_covered": 73.33333333333333, "percent_statements_covered_display": "73"}, "missing_lines": [306, 308, 345, 346], "excluded_lines": []}, "ConfigLoader._parse_tests": {"executed_lines": [352, 353, 354], "summary": {"covered_lines": 3, "num_statements": 3, "percent_covered": 100.0, "percent_covered_display": "100", "missing_lines": 0, "excluded_lines": 0, "percent_statements_covered": 100.0, "percent_statements_covered_display": "100"}, "missing_lines": [], "excluded_lines": []}, "ConfigLoader._parse_freshness": {"executed_lines": [366, 367], "summary": {"covered_lines": 2, "num_statements": 3, "percent_covered": 66.66666666666667, "percent_covered_display": "67", "missing_lines": 1, "excluded_lines": 0, "percent_statements_covered": 66.66666666666667, "percent_statements_covered_display": "67"}, "missing_lines": [368], "excluded_lines": []}, "": {"executed_lines": [1, 2, 3, 5, 6, 7, 10, 11, 12, 14, 15, 18, 19, 20, 21, 22, 23, 24, 27, 30, 31, 32, 37, 38, 41, 46, 47, 48, 53, 54, 59, 60, 61, 62, 63, 64, 65, 66, 67, 68, 69, 70, 71, 72, 75, 76, 79, 80, 81, 84, 87, 90, 93, 94, 100, 204, 217, 248, 264, 285, 348, 362], "summary": {"covered_lines": 58, "num_statements": 58, "percent_covered": 100.0, "percent_covered_display": "100", "missing_lines": 0, "excluded_lines": 0, "percent_statements_covered": 100.0, "percent_statements_covered_display": "100"}, "missing_lines": [], "excluded_lines": []}}, "classes": {"FreshnessConfig": {"executed_lines": [], "summary": {"covered_lines": 0, "num_statements": 0, "percent_covered": 100.0, "percent_covered_display": "100", "missing_lines": 0, "excluded_lines": 0, "percent_statements_covered": 100.0, "percent_statements_covered_display": "100"}, "missing_lines": [], "excluded_lines": []}, "SourceConfig": {"executed_lines": [], "summary": {"covered_lines": 0, "num_statements": 0, "percent_covered": 100.0, "percent_covered_display": "100", "missing_lines": 0, "excluded_lines": 0, "percent_statements_covered": 100.0, "percent_statements_covered_display": "100"}, "missing_lines": [], "excluded_lines": []}, "ForeignKeyConfig": {"executed_lines": [], "summary": {"covered_lines": 0, "num_statements": 0, "percent_covered": 100.0, "percent_covered_display": "100", "missing_lines": 0, "excluded_lines": 0, "percent_statements_covered": 100.0, "percent_statements_covered_display": "100"}, "missing_lines": [], "excluded_lines": []}, "ColumnTest": {"executed_lines": [], "summary": {"covered_lines": 0, "num_statements": 0, "percent_covered": 100.0, "percent_covered_display": "100", "missing_lines": 0, "excluded_lines": 0, "percent_statements_covered": 100.0, "percent_statements_covered_display": "100"}, "missing_lines": [], "excluded_lines": []}, "TableConfig": {"executed_lines": [], "summary": {"covered_lines": 0, "num_statements": 0, "percent_covered": 100.0, "percent_covered_display": "100", "missing_lines": 0, "excluded_lines": 0, "percent_statements_covered": 100.0, "percent_statements_covered_display": "100"}, "missing_lines": [], "excluded_lines": []}, "ConfigLoader": {"executed_lines": [214, 215, 224, 225, 228, 229, 232, 235, 236, 237, 238, 243, 246, 287, 288, 300, 301, 304, 305, 307, 311, 314, 315, 324, 352, 353, 354, 366, 367], "summary": {"covered_lines": 29, "num_statements": 49, "percent_covered": 59.183673469387756, "percent_covered_display": "59", "missing_lines": 20, "excluded_lines": 0, "percent_statements_covered": 59.183673469387756, "percent_statements_covered_display": "59"}, "missing_lines": [244, 252, 253, 255, 257, 258, 259, 260, 274, 276, 277, 279, 280, 281, 283, 306, 308, 345, 346, 368], "excluded_lines": []}, "": {"executed_lines": [1, 2, 3, 5, 6, 7, 10, 11, 12, 14, 15, 18, 19, 20, 21, 22, 23, 24, 27, 30, 31, 32, 37, 38, 41, 46, 47, 48, 53, 54, 59, 60, 61, 62, 63, 64, 65, 66, 67, 68, 69, 70, 71, 72, 75, 76, 79, 80, 81, 84, 87, 90, 93, 94, 100, 204, 217, 248, 264, 285, 348, 362], "summary": {"covered_lines": 58, "num_statements": 58, "percent_covered": 100.0, "percent_covered_display": "100", "missing_lines": 0, "excluded_lines": 0, "percent_statements_covered": 100.0, "percent_statements_covered_display": "100"}, "missing_lines": [], "excluded_lines": []}}}, "src/kimball/dev_utils.py": {"executed_lines": [1, 19, 21, 23, 27, 52, 76, 120, 137, 156], "summary": {"covered_lines": 8, "num_statements": 45, "percent_covered": 17.77777777777778, "percent_covered_display": "18", "missing_lines": 37, "excluded_lines": 2, "percent_statements_covered": 17.77777777777778, "percent_statements_covered_display": "18"}, "missing_lines": [45, 46, 48, 49, 69, 70, 72, 73, 94, 95, 97, 98, 100, 102, 103, 104, 107, 108, 109, 111, 133, 134, 153, 174, 176, 177, 178, 180, 181, 183, 184, 186, 188, 189, 190, 191, 193], "excluded_lines": [23, 24], "functions": {"shallow_clone_table": {"executed_lines": [], "summary": {"covered_lines": 0, "num_statements": 4, "percent_covered": 0.0, "percent_covered_display": "0", "missing_lines": 4, "excluded_lines": 0, "percent_statements_covered": 0.0, "percent_statements_covered_display": "0"}, "missing_lines": [45, 46, 48, 49], "excluded_lines": []}, "deep_clone_table": {"executed_lines": [], "summary": {"covered_lines": 0, "num_statements": 4, "percent_covered": 0.0, "percent_covered_display": "0", "missing_lines": 4, "excluded_lines": 0, "percent_statements_covered": 0.0, "percent_statements_covered_display": "0"}, "missing_lines": [69, 70, 72, 73], "excluded_lines": []}, "compare_tables": {"executed_lines": [], "summary": {"covered_lines": 0, "num_statements": 12, "percent_covered": 0.0, "percent_covered_display": "0", "missing_lines": 12, "excluded_lines": 0, "percent_statements_covered": 0.0, "percent_statements_covered_display": "0"}, "missing_lines": [94, 95, 97, 98, 100, 102, 103, 104, 107, 108, 109, 111], "excluded_lines": []}, "restore_table_version": {"executed_lines": [], "summary": {"covered_lines": 0, "num_statements": 2, "percent_covered": 0.0, "percent_covered_display": "0", "missing_lines": 2, "excluded_lines": 0, "percent_statements_covered": 0.0, "percent_statements_covered_display": "0"}, "missing_lines": [133, 134], "excluded_lines": []}, "get_table_history": {"executed_lines": [], "summary": {"covered_lines": 0, "num_statements": 1, "percent_covered": 0.0, "percent_covered_display": "0", "missing_lines": 1, "excluded_lines": 0, "percent_statements_covered": 0.0, "percent_statements_covered_display": "0"}, "missing_lines": [153], "excluded_lines": []}, "setup_dev_environment": {"executed_lines": [], "summary": {"covered_lines": 0, "num_statements": 14, "percent_covered": 0.0, "percent_covered_display": "0", "missing_lines": 14, "excluded_lines": 0, "percent_statements_covered": 0.0, "percent_statements_covered_display": "0"}, "missing_lines": [174, 176, 177, 178, 180, 181, 183, 184, 186, 188, 189, 190, 191, 193], "excluded_lines": []}, "": {"executed_lines": [1, 19, 21, 23, 27, 52, 76, 120, 137, 156], "summary": {"covered_lines": 8, "num_statements": 8, "percent_covered": 100.0, "percent_covered_display": "100", "missing_lines": 0, "excluded_lines": 2, "percent_statements_covered": 100.0, "percent_statements_covered_display": "100"}, "missing_lines": [], "excluded_lines": [23, 24]}}, "classes": {"": {"executed_lines": [1, 19, 21, 23, 27, 52, 76, 120, 137, 156], "summary": {"covered_lines": 8, "num_statements": 45, "percent_covered": 17.77777777777778, "percent_covered_display": "18", "missing_lines": 37, "excluded_lines": 2, "percent_statements_covered": 17.77777777777778, "percent_statements_covered_display": "18"}, "missing_lines": [45, 46, 48, 49, 69, 70, 72, 73, 94, 95, 97, 98, 100, 102, 103, 104, 107, 108, 109, 111, 133, 134, 153, 174, 176, 177, 178, 180, 181, 183, 184, 186, 188, 189, 190, 191, 193], "excluded_lines": [23, 24]}}}, "src/kimball/docs.py": {"executed_lines": [1, 19, 21, 22, 23, 24, 25, 27, 30, 31, 32, 34, 35, 36, 37, 38, 39, 40, 43, 44, 46, 54, 68, 131, 153, 158, 185, 220, 226], "summary": {"covered_lines": 26, "num_statements": 104, "percent_covered": 25.0, "percent_covered_display": "25", "missing_lines": 78, "excluded_lines": 0, "percent_statements_covered": 25.0, "percent_statements_covered_display": "25"}, "missing_lines": [52, 56, 57, 60, 61, 62, 63, 64, 65, 66, 77, 87, 89, 90, 93, 94, 95, 96, 97, 98, 99, 100, 101, 104, 105, 106, 107, 108, 109, 117, 124, 127, 129, 140, 143, 144, 146, 147, 148, 150, 151, 156, 167, 170, 171, 173, 174, 175, 176, 178, 179, 180, 181, 183, 187, 190, 191, 192, 193, 195, 196, 199, 200, 203, 204, 209, 210, 213, 214, 215, 217, 218, 222, 223, 224, 228, 229, 230], "excluded_lines": [], "functions": {"CatalogGenerator.__init__": {"executed_lines": [], "summary": {"covered_lines": 0, "num_statements": 1, "percent_covered": 0.0, "percent_covered_display": "0", "missing_lines": 1, "excluded_lines": 0, "percent_statements_covered": 0.0, "percent_statements_covered_display": "0"}, "missing_lines": [52], "excluded_lines": []}, "CatalogGenerator.load_configs": {"executed_lines": [], "summary": {"covered_lines": 0, "num_statements": 9, "percent_covered": 0.0, "percent_covered_display": "0", "missing_lines": 9, "excluded_lines": 0, "percent_statements_covered": 0.0, "percent_statements_covered_display": "0"}, "missing_lines": [56, 57, 60, 61, 62, 63, 64, 65, 66], "excluded_lines": []}, "CatalogGenerator.generate_manifest": {"executed_lines": [], "summary": {"covered_lines": 0, "num_statements": 23, "percent_covered": 0.0, "percent_covered_display": "0", "missing_lines": 23, "excluded_lines": 0, "percent_statements_covered": 0.0, "percent_statements_covered_display": "0"}, "missing_lines": [77, 87, 89, 90, 93, 94, 95, 96, 97, 98, 99, 100, 101, 104, 105, 106, 107, 108, 109, 117, 124, 127, 129], "excluded_lines": []}, "CatalogGenerator.generate_lineage_dag": {"executed_lines": [], "summary": {"covered_lines": 0, "num_statements": 8, "percent_covered": 0.0, "percent_covered_display": "0", "missing_lines": 8, "excluded_lines": 0, "percent_statements_covered": 0.0, "percent_statements_covered_display": "0"}, "missing_lines": [140, 143, 144, 146, 147, 148, 150, 151], "excluded_lines": []}, "CatalogGenerator._sanitize_node_name": {"executed_lines": [], "summary": {"covered_lines": 0, "num_statements": 1, "percent_covered": 0.0, "percent_covered_display": "0", "missing_lines": 1, "excluded_lines": 0, "percent_statements_covered": 0.0, "percent_statements_covered_display": "0"}, "missing_lines": [156], "excluded_lines": []}, "CatalogGenerator.generate_catalog": {"executed_lines": [], "summary": {"covered_lines": 0, "num_statements": 12, "percent_covered": 0.0, "percent_covered_display": "0", "missing_lines": 12, "excluded_lines": 0, "percent_statements_covered": 0.0, "percent_statements_covered_display": "0"}, "missing_lines": [167, 170, 171, 173, 174, 175, 176, 178, 179, 180, 181, 183], "excluded_lines": []}, "CatalogGenerator._format_table_doc": {"executed_lines": [], "summary": {"covered_lines": 0, "num_statements": 18, "percent_covered": 0.0, "percent_covered_display": "0", "missing_lines": 18, "excluded_lines": 0, "percent_statements_covered": 0.0, "percent_statements_covered_display": "0"}, "missing_lines": [187, 190, 191, 192, 193, 195, 196, 199, 200, 203, 204, 209, 210, 213, 214, 215, 217, 218], "excluded_lines": []}, "CatalogGenerator.save_manifest": {"executed_lines": [], "summary": {"covered_lines": 0, "num_statements": 3, "percent_covered": 0.0, "percent_covered_display": "0", "missing_lines": 3, "excluded_lines": 0, "percent_statements_covered": 0.0, "percent_statements_covered_display": "0"}, "missing_lines": [222, 223, 224], "excluded_lines": []}, "CatalogGenerator.save_catalog": {"executed_lines": [], "summary": {"covered_lines": 0, "num_statements": 3, "percent_covered": 0.0, "percent_covered_display": "0", "missing_lines": 3, "excluded_lines": 0, "percent_statements_covered": 0.0, "percent_statements_covered_display": "0"}, "missing_lines": [228, 229, 230], "excluded_lines": []}, "": {"executed_lines": [1, 19, 21, 22, 23, 24, 25, 27, 30, 31, 32, 34, 35, 36, 37, 38, 39, 40, 43, 44, 46, 54, 68, 131, 153, 158, 185, 220, 226], "summary": {"covered_lines": 26, "num_statements": 26, "percent_covered": 100.0, "percent_covered_display": "100", "missing_lines": 0, "excluded_lines": 0, "percent_statements_covered": 100.0, "percent_statements_covered_display": "100"}, "missing_lines": [], "excluded_lines": []}}, "classes": {"ModelMetadata": {"executed_lines": [], "summary": {"covered_lines": 0, "num_statements": 0, "percent_covered": 100.0, "percent_covered_display": "100", "missing_lines": 0, "excluded_lines": 0, "percent_statements_covered": 100.0, "percent_statements_covered_display": "100"}, "missing_lines": [], "excluded_lines": []}, "CatalogGenerator": {"executed_lines": [], "summary": {"covered_lines": 0, "num_statements": 78, "percent_covered": 0.0, "percent_covered_display": "0", "missing_lines": 78, "excluded_lines": 0, "percent_statements_covered": 0.0, "percent_statements_covered_display": "0"}, "missing_lines": [52, 56, 57, 60, 61, 62, 63, 64, 65, 66, 77, 87, 89, 90, 93, 94, 95, 96, 97, 98, 99, 100, 101, 104, 105, 106, 107, 108, 109, 117, 124, 127, 129, 140, 143, 144, 146, 147, 148, 150, 151, 156, 167, 170, 171, 173, 174, 175, 176, 178, 179, 180, 181, 183, 187, 190, 191, 192, 193, 195, 196, 199, 200, 203, 204, 209, 210, 213, 214, 215, 217, 218, 222, 223, 224, 228, 229, 230], "excluded_lines": []}, "": {"executed_lines": [1, 19, 21, 22, 23, 24, 25, 27, 30, 31, 32, 34, 35, 36, 37, 38, 39, 40, 43, 44, 46, 54, 68, 131, 153, 158, 185, 220, 226], "summary": {"covered_lines": 26, "num_statements": 26, "percent_covered": 100.0, "percent_covered_display": "100", "missing_lines": 0, "excluded_lines": 0, "percent_statements_covered": 100.0, "percent_statements_covered_display": "100"}, "missing_lines": [], "excluded_lines": []}}}, "src/kimball/errors.py": {"executed_lines": [1, 12, 13, 15, 17, 18, 19, 20, 28, 29, 31, 34, 35, 41, 44, 45, 52, 55, 56, 61, 64, 65, 71, 79, 80, 82, 85, 86, 94, 97, 98, 106, 109, 110, 118, 121, 122, 128, 131, 132, 140, 143, 144, 149, 153, 161, 180], "summary": {"covered_lines": 33, "num_statements": 50, "percent_covered": 66.0, "percent_covered_display": "66", "missing_lines": 17, "excluded_lines": 0, "percent_statements_covered": 66.0, "percent_statements_covered_display": "66"}, "missing_lines": [163, 164, 167, 168, 177, 182, 185, 186, 190, 191, 195, 196, 200, 201, 205, 206, 211], "excluded_lines": [], "functions": {"KimballError.__init__": {"executed_lines": [18, 19, 20], "summary": {"covered_lines": 3, "num_statements": 3, "percent_covered": 100.0, "percent_covered_display": "100", "missing_lines": 0, "excluded_lines": 0, "percent_statements_covered": 100.0, "percent_statements_covered_display": "100"}, "missing_lines": [], "excluded_lines": []}, "is_retriable": {"executed_lines": [], "summary": {"covered_lines": 0, "num_statements": 5, "percent_covered": 0.0, "percent_covered_display": "0", "missing_lines": 5, "excluded_lines": 0, "percent_statements_covered": 0.0, "percent_statements_covered_display": "0"}, "missing_lines": [163, 164, 167, 168, 177], "excluded_lines": []}, "wrap_exception": {"executed_lines": [], "summary": {"covered_lines": 0, "num_statements": 12, "percent_covered": 0.0, "percent_covered_display": "0", "missing_lines": 12, "excluded_lines": 0, "percent_statements_covered": 0.0, "percent_statements_covered_display": "0"}, "missing_lines": [182, 185, 186, 190, 191, 195, 196, 200, 201, 205, 206, 211], "excluded_lines": []}, "": {"executed_lines": [1, 12, 13, 15, 17, 28, 29, 31, 34, 35, 41, 44, 45, 52, 55, 56, 61, 64, 65, 71, 79, 80, 82, 85, 86, 94, 97, 98, 106, 109, 110, 118, 121, 122, 128, 131, 132, 140, 143, 144, 149, 153, 161, 180], "summary": {"covered_lines": 30, "num_statements": 30, "percent_covered": 100.0, "percent_covered_display": "100", "missing_lines": 0, "excluded_lines": 0, "percent_statements_covered": 100.0, "percent_statements_covered_display": "100"}, "missing_lines": [], "excluded_lines": []}}, "classes": {"KimballError": {"executed_lines": [18, 19, 20], "summary": {"covered_lines": 3, "num_statements": 3, "percent_covered": 100.0, "percent_covered_display": "100", "missing_lines": 0, "excluded_lines": 0, "percent_statements_covered": 100.0, "percent_statements_covered_display": "100"}, "missing_lines": [], "excluded_lines": []}, "RetriableError": {"executed_lines": [], "summary": {"covered_lines": 0, "num_statements": 0, "percent_covered": 100.0, "percent_covered_display": "100", "missing_lines": 0, "excluded_lines": 0, "percent_statements_covered": 100.0, "percent_statements_covered_display": "100"}, "missing_lines": [], "excluded_lines": []}, "SourceTableBusyError": {"executed_lines": [], "summary": {"covered_lines": 0, "num_statements": 0, "percent_covered": 100.0, "percent_covered_display": "100", "missing_lines": 0, "excluded_lines": 0, "percent_statements_covered": 100.0, "percent_statements_covered_display": "100"}, "missing_lines": [], "excluded_lines": []}, "DeltaConcurrentModificationError": {"executed_lines": [], "summary": {"covered_lines": 0, "num_statements": 0, "percent_covered": 100.0, "percent_covered_display": "100", "missing_lines": 0, "excluded_lines": 0, "percent_statements_covered": 100.0, "percent_statements_covered_display": "100"}, "missing_lines": [], "excluded_lines": []}, "TransientSparkError": {"executed_lines": [], "summary": {"covered_lines": 0, "num_statements": 0, "percent_covered": 100.0, "percent_covered_display": "100", "missing_lines": 0, "excluded_lines": 0, "percent_statements_covered": 100.0, "percent_statements_covered_display": "100"}, "missing_lines": [], "excluded_lines": []}, "ETLControlConflictError": {"executed_lines": [], "summary": {"covered_lines": 0, "num_statements": 0, "percent_covered": 100.0, "percent_covered_display": "100", "missing_lines": 0, "excluded_lines": 0, "percent_statements_covered": 100.0, "percent_statements_covered_display": "100"}, "missing_lines": [], "excluded_lines": []}, "NonRetriableError": {"executed_lines": [], "summary": {"covered_lines": 0, "num_statements": 0, "percent_covered": 100.0, "percent_covered_display": "100", "missing_lines": 0, "excluded_lines": 0, "percent_statements_covered": 100.0, "percent_statements_covered_display": "100"}, "missing_lines": [], "excluded_lines": []}, "ConfigurationError": {"executed_lines": [], "summary": {"covered_lines": 0, "num_statements": 0, "percent_covered": 100.0, "percent_covered_display": "100", "missing_lines": 0, "excluded_lines": 0, "percent_statements_covered": 100.0, "percent_statements_covered_display": "100"}, "missing_lines": [], "excluded_lines": []}, "TransformationSQLError": {"executed_lines": [], "summary": {"covered_lines": 0, "num_statements": 0, "percent_covered": 100.0, "percent_covered_display": "100", "missing_lines": 0, "excluded_lines": 0, "percent_statements_covered": 100.0, "percent_statements_covered_display": "100"}, "missing_lines": [], "excluded_lines": []}, "SchemaMismatchError": {"executed_lines": [], "summary": {"covered_lines": 0, "num_statements": 0, "percent_covered": 100.0, "percent_covered_display": "100", "missing_lines": 0, "excluded_lines": 0, "percent_statements_covered": 100.0, "percent_statements_covered_display": "100"}, "missing_lines": [], "excluded_lines": []}, "MissingDependencyError": {"executed_lines": [], "summary": {"covered_lines": 0, "num_statements": 0, "percent_covered": 100.0, "percent_covered_display": "100", "missing_lines": 0, "excluded_lines": 0, "percent_statements_covered": 100.0, "percent_statements_covered_display": "100"}, "missing_lines": [], "excluded_lines": []}, "DataQualityError": {"executed_lines": [], "summary": {"covered_lines": 0, "num_statements": 0, "percent_covered": 100.0, "percent_covered_display": "100", "missing_lines": 0, "excluded_lines": 0, "percent_statements_covered": 100.0, "percent_statements_covered_display": "100"}, "missing_lines": [], "excluded_lines": []}, "ETLControlNotFoundError": {"executed_lines": [], "summary": {"covered_lines": 0, "num_statements": 0, "percent_covered": 100.0, "percent_covered_display": "100", "missing_lines": 0, "excluded_lines": 0, "percent_statements_covered": 100.0, "percent_statements_covered_display": "100"}, "missing_lines": [], "excluded_lines": []}, "": {"executed_lines": [1, 12, 13, 15, 17, 28, 29, 31, 34, 35, 41, 44, 45, 52, 55, 56, 61, 64, 65, 71, 79, 80, 82, 85, 86, 94, 97, 98, 106, 109, 110, 118, 121, 122, 128, 131, 132, 140, 143, 144, 149, 153, 161, 180], "summary": {"covered_lines": 30, "num_statements": 47, "percent_covered": 63.829787234042556, "percent_covered_display": "64", "missing_lines": 17, "excluded_lines": 0, "percent_statements_covered": 63.829787234042556, "percent_statements_covered_display": "64"}, "missing_lines": [163, 164, 167, 168, 177, 182, 185, 186, 190, 191, 195, 196, 200, 201, 205, 206, 211], "excluded_lines": []}}}, "src/kimball/executor.py": {"executed_lines": [1, 41, 42, 43, 44, 45, 47, 48, 49, 50, 53, 54, 55, 57, 58, 59, 60, 61, 62, 63, 64, 65, 68, 69, 70, 72, 73, 74, 75, 76, 77, 78, 79, 81, 94, 95, 130, 170, 199, 256, 302, 367], "summary": {"covered_lines": 38, "num_statements": 151, "percent_covered": 25.165562913907284, "percent_covered_display": "25", "missing_lines": 113, "excluded_lines": 0, "percent_statements_covered": 25.165562913907284, "percent_statements_covered_display": "25"}, "missing_lines": [82, 140, 141, 147, 148, 151, 152, 154, 155, 161, 162, 163, 164, 165, 168, 172, 173, 175, 176, 177, 178, 184, 185, 187, 188, 189, 191, 201, 202, 203, 205, 207, 208, 209, 210, 211, 213, 217, 228, 229, 230, 231, 233, 242, 243, 244, 245, 247, 260, 261, 263, 264, 265, 267, 269, 271, 272, 273, 275, 276, 277, 280, 283, 287, 288, 289, 291, 292, 296, 297, 298, 300, 309, 310, 311, 313, 314, 315, 316, 317, 320, 321, 324, 325, 326, 327, 330, 331, 342, 343, 344, 347, 349, 361, 362, 363, 365, 373, 374, 375, 376, 378, 379, 380, 382, 383, 384, 386, 387, 388, 389, 390, 391], "excluded_lines": [], "functions": {"ExecutionSummary.__str__": {"executed_lines": [], "summary": {"covered_lines": 0, "num_statements": 1, "percent_covered": 0.0, "percent_covered_display": "0", "missing_lines": 1, "excluded_lines": 0, "percent_statements_covered": 0.0, "percent_statements_covered_display": "0"}, "missing_lines": [82], "excluded_lines": []}, "PipelineExecutor.__init__": {"executed_lines": [], "summary": {"covered_lines": 0, "num_statements": 14, "percent_covered": 0.0, "percent_covered_display": "0", "missing_lines": 14, "excluded_lines": 0, "percent_statements_covered": 0.0, "percent_statements_covered_display": "0"}, "missing_lines": [140, 141, 147, 148, 151, 152, 154, 155, 161, 162, 163, 164, 165, 168], "excluded_lines": []}, "PipelineExecutor._categorize_pipelines": {"executed_lines": [], "summary": {"covered_lines": 0, "num_statements": 12, "percent_covered": 0.0, "percent_covered_display": "0", "missing_lines": 12, "excluded_lines": 0, "percent_statements_covered": 0.0, "percent_statements_covered_display": "0"}, "missing_lines": [172, 173, 175, 176, 177, 178, 184, 185, 187, 188, 189, 191], "excluded_lines": []}, "PipelineExecutor._run_single_pipeline": {"executed_lines": [], "summary": {"covered_lines": 0, "num_statements": 21, "percent_covered": 0.0, "percent_covered_display": "0", "missing_lines": 21, "excluded_lines": 0, "percent_statements_covered": 0.0, "percent_statements_covered_display": "0"}, "missing_lines": [201, 202, 203, 205, 207, 208, 209, 210, 211, 213, 217, 228, 229, 230, 231, 233, 242, 243, 244, 245, 247], "excluded_lines": []}, "PipelineExecutor._run_wave": {"executed_lines": [], "summary": {"covered_lines": 0, "num_statements": 24, "percent_covered": 0.0, "percent_covered_display": "0", "missing_lines": 24, "excluded_lines": 0, "percent_statements_covered": 0.0, "percent_statements_covered_display": "0"}, "missing_lines": [260, 261, 263, 264, 265, 267, 269, 271, 272, 273, 275, 276, 277, 280, 283, 287, 288, 289, 291, 292, 296, 297, 298, 300], "excluded_lines": []}, "PipelineExecutor.run": {"executed_lines": [], "summary": {"covered_lines": 0, "num_statements": 25, "percent_covered": 0.0, "percent_covered_display": "0", "missing_lines": 25, "excluded_lines": 0, "percent_statements_covered": 0.0, "percent_statements_covered_display": "0"}, "missing_lines": [309, 310, 311, 313, 314, 315, 316, 317, 320, 321, 324, 325, 326, 327, 330, 331, 342, 343, 344, 347, 349, 361, 362, 363, 365], "excluded_lines": []}, "PipelineExecutor.dry_run": {"executed_lines": [], "summary": {"covered_lines": 0, "num_statements": 16, "percent_covered": 0.0, "percent_covered_display": "0", "missing_lines": 16, "excluded_lines": 0, "percent_statements_covered": 0.0, "percent_statements_covered_display": "0"}, "missing_lines": [373, 374, 375, 376, 378, 379, 380, 382, 383, 384, 386, 387, 388, 389, 390, 391], "excluded_lines": []}, "": {"executed_lines": [1, 41, 42, 43, 44, 45, 47, 48, 49, 50, 53, 54, 55, 57, 58, 59, 60, 61, 62, 63, 64, 65, 68, 69, 70, 72, 73, 74, 75, 76, 77, 78, 79, 81, 94, 95, 130, 170, 199, 256, 302, 367], "summary": {"covered_lines": 38, "num_statements": 38, "percent_covered": 100.0, "percent_covered_display": "100", "missing_lines": 0, "excluded_lines": 0, "percent_statements_covered": 100.0, "percent_statements_covered_display": "100"}, "missing_lines": [], "excluded_lines": []}}, "classes": {"PipelineResult": {"executed_lines": [], "summary": {"covered_lines": 0, "num_statements": 0, "percent_covered": 100.0, "percent_covered_display": "100", "missing_lines": 0, "excluded_lines": 0, "percent_statements_covered": 100.0, "percent_statements_covered_display": "100"}, "missing_lines": [], "excluded_lines": []}, "ExecutionSummary": {"executed_lines": [], "summary": {"covered_lines": 0, "num_statements": 1, "percent_covered": 0.0, "percent_covered_display": "0", "missing_lines": 1, "excluded_lines": 0, "percent_statements_covered": 0.0, "percent_statements_covered_display": "0"}, "missing_lines": [82], "excluded_lines": []}, "PipelineExecutor": {"executed_lines": [], "summary": {"covered_lines": 0, "num_statements": 112, "percent_covered": 0.0, "percent_covered_display": "0", "missing_lines": 112, "excluded_lines": 0, "percent_statements_covered": 0.0, "percent_statements_covered_display": "0"}, "missing_lines": [140, 141, 147, 148, 151, 152, 154, 155, 161, 162, 163, 164, 165, 168, 172, 173, 175, 176, 177, 178, 184, 185, 187, 188, 189, 191, 201, 202, 203, 205, 207, 208, 209, 210, 211, 213, 217, 228, 229, 230, 231, 233, 242, 243, 244, 245, 247, 260, 261, 263, 264, 265, 267, 269, 271, 272, 273, 275, 276, 277, 280, 283, 287, 288, 289, 291, 292, 296, 297, 298, 300, 309, 310, 311, 313, 314, 315, 316, 317, 320, 321, 324, 325, 326, 327, 330, 331, 342, 343, 344, 347, 349, 361, 362, 363, 365, 373, 374, 375, 376, 378, 379, 380, 382, 383, 384, 386, 387, 388, 389, 390, 391], "excluded_lines": []}, "": {"executed_lines": [1, 41, 42, 43, 44, 45, 47, 48, 49, 50, 53, 54, 55, 57, 58, 59, 60, 61, 62, 63, 64, 65, 68, 69, 70, 72, 73, 74, 75, 76, 77, 78, 79, 81, 94, 95, 130, 170, 199, 256, 302, 367], "summary": {"covered_lines": 38, "num_statements": 38, "percent_covered": 100.0, "percent_covered_display": "100", "missing_lines": 0, "excluded_lines": 0, "percent_statements_covered": 100.0, "percent_statements_covered_display": "100"}, "missing_lines": [], "excluded_lines": []}}}, "src/kimball/hashing.py": {"executed_lines": [1, 2, 5, 16, 18], "summary": {"covered_lines": 5, "num_statements": 5, "percent_covered": 100.0, "percent_covered_display": "100", "missing_lines": 0, "excluded_lines": 0, "percent_statements_covered": 100.0, "percent_statements_covered_display": "100"}, "missing_lines": [], "excluded_lines": [], "functions": {"compute_hashdiff": {"executed_lines": [16, 18], "summary": {"covered_lines": 2, "num_statements": 2, "percent_covered": 100.0, "percent_covered_display": "100", "missing_lines": 0, "excluded_lines": 0, "percent_statements_covered": 100.0, "percent_statements_covered_display": "100"}, "missing_lines": [], "excluded_lines": []}, "": {"executed_lines": [1, 2, 5], "summary": {"covered_lines": 3, "num_statements": 3, "percent_covered": 100.0, "percent_covered_display": "100", "missing_lines": 0, "excluded_lines": 0, "percent_statements_covered": 100.0, "percent_statements_covered_display": "100"}, "missing_lines": [], "excluded_lines": []}}, "classes": {"": {"executed_lines": [1, 2, 5, 16, 18], "summary": {"covered_lines": 5, "num_statements": 5, "percent_covered": 100.0, "percent_covered_display": "100", "missing_lines": 0, "excluded_lines": 0, "percent_statements_covered": 100.0, "percent_statements_covered_display": "100"}, "missing_lines": [], "excluded_lines": []}}}, "src/kimball/key_generator.py": {"executed_lines": [1, 3, 4, 10, 13, 14, 18, 19, 36, 37, 42, 51, 52, 53, 56, 57, 61, 62, 64, 74, 79, 80, 94, 98, 100, 109, 110], "summary": {"covered_lines": 23, "num_statements": 24, "percent_covered": 95.83333333333333, "percent_covered_display": "96", "missing_lines": 1, "excluded_lines": 0, "percent_statements_covered": 95.83333333333333, "percent_statements_covered_display": "96"}, "missing_lines": [33], "excluded_lines": [], "functions": {"KeyGenerator.generate_keys": {"executed_lines": [], "summary": {"covered_lines": 0, "num_statements": 1, "percent_covered": 0.0, "percent_covered_display": "0", "missing_lines": 1, "excluded_lines": 0, "percent_statements_covered": 0.0, "percent_statements_covered_display": "0"}, "missing_lines": [33], "excluded_lines": []}, "IdentityKeyGenerator.generate_keys": {"executed_lines": [51, 52, 53], "summary": {"covered_lines": 3, "num_statements": 3, "percent_covered": 100.0, "percent_covered_display": "100", "missing_lines": 0, "excluded_lines": 0, "percent_statements_covered": 100.0, "percent_statements_covered_display": "100"}, "missing_lines": [], "excluded_lines": []}, "HashKeyGenerator.__init__": {"executed_lines": [62], "summary": {"covered_lines": 1, "num_statements": 1, "percent_covered": 100.0, "percent_covered_display": "100", "missing_lines": 0, "excluded_lines": 0, "percent_statements_covered": 100.0, "percent_statements_covered_display": "100"}, "missing_lines": [], "excluded_lines": []}, "HashKeyGenerator.generate_keys": {"executed_lines": [74], "summary": {"covered_lines": 1, "num_statements": 1, "percent_covered": 100.0, "percent_covered_display": "100", "missing_lines": 0, "excluded_lines": 0, "percent_statements_covered": 100.0, "percent_statements_covered_display": "100"}, "missing_lines": [], "excluded_lines": []}, "SequenceKeyGenerator.generate_keys": {"executed_lines": [98, 100, 109, 110], "summary": {"covered_lines": 4, "num_statements": 4, "percent_covered": 100.0, "percent_covered_display": "100", "missing_lines": 0, "excluded_lines": 0, "percent_statements_covered": 100.0, "percent_statements_covered_display": "100"}, "missing_lines": [], "excluded_lines": []}, "": {"executed_lines": [1, 3, 4, 10, 13, 14, 18, 19, 36, 37, 42, 56, 57, 61, 64, 79, 80, 94], "summary": {"covered_lines": 14, "num_statements": 14, "percent_covered": 100.0, "percent_covered_display": "100", "missing_lines": 0, "excluded_lines": 0, "percent_statements_covered": 100.0, "percent_statements_covered_display": "100"}, "missing_lines": [], "excluded_lines": []}}, "classes": {"KeyGenerator": {"executed_lines": [], "summary": {"covered_lines": 0, "num_statements": 1, "percent_covered": 0.0, "percent_covered_display": "0", "missing_lines": 1, "excluded_lines": 0, "percent_statements_covered": 0.0, "percent_statements_covered_display": "0"}, "missing_lines": [33], "excluded_lines": []}, "IdentityKeyGenerator": {"executed_lines": [51, 52, 53], "summary": {"covered_lines": 3, "num_statements": 3, "percent_covered": 100.0, "percent_covered_display": "100", "missing_lines": 0, "excluded_lines": 0, "percent_statements_covered": 100.0, "percent_statements_covered_display": "100"}, "missing_lines": [], "excluded_lines": []}, "HashKeyGenerator": {"executed_lines": [62, 74], "summary": {"covered_lines": 2, "num_statements": 2, "percent_covered": 100.0, "percent_covered_display": "100", "missing_lines": 0, "excluded_lines": 0, "percent_statements_covered": 100.0, "percent_statements_covered_display": "100"}, "missing_lines": [], "excluded_lines": []}, "SequenceKeyGenerator": {"executed_lines": [98, 100, 109, 110], "summary": {"covered_lines": 4, "num_statements": 4, "percent_covered": 100.0, "percent_covered_display": "100", "missing_lines": 0, "excluded_lines": 0, "percent_statements_covered": 100.0, "percent_statements_covered_display": "100"}, "missing_lines": [], "excluded_lines": []}, "": {"executed_lines": [1, 3, 4, 10, 13, 14, 18, 19, 36, 37, 42, 56, 57, 61, 64, 79, 80, 94], "summary": {"covered_lines": 14, "num_statements": 14, "percent_covered": 100.0, "percent_covered_display": "100", "missing_lines": 0, "excluded_lines": 0, "percent_statements_covered": 100.0, "percent_statements_covered_display": "100"}, "missing_lines": [], "excluded_lines": []}}}, "src/kimball/loader.py": {"executed_lines": [1, 2, 3, 4, 5, 8, 9, 13, 17, 19, 40, 48, 49, 57, 58, 61, 67, 69, 74, 75, 76], "summary": {"covered_lines": 20, "num_statements": 20, "percent_covered": 100.0, "percent_covered_display": "100", "missing_lines": 0, "excluded_lines": 0, "percent_statements_covered": 100.0, "percent_statements_covered_display": "100"}, "missing_lines": [], "excluded_lines": [], "functions": {"DataLoader.load_full_snapshot": {"executed_lines": [17], "summary": {"covered_lines": 1, "num_statements": 1, "percent_covered": 100.0, "percent_covered_display": "100", "missing_lines": 0, "excluded_lines": 0, "percent_statements_covered": 100.0, "percent_statements_covered_display": "100"}, "missing_lines": [], "excluded_lines": []}, "DataLoader.load_cdf": {"executed_lines": [40, 48, 49, 57, 58, 61, 67], "summary": {"covered_lines": 7, "num_statements": 7, "percent_covered": 100.0, "percent_covered_display": "100", "missing_lines": 0, "excluded_lines": 0, "percent_statements_covered": 100.0, "percent_statements_covered_display": "100"}, "missing_lines": [], "excluded_lines": []}, "DataLoader.get_latest_version": {"executed_lines": [74, 75, 76], "summary": {"covered_lines": 3, "num_statements": 3, "percent_covered": 100.0, "percent_covered_display": "100", "missing_lines": 0, "excluded_lines": 0, "percent_statements_covered": 100.0, "percent_statements_covered_display": "100"}, "missing_lines": [], "excluded_lines": []}, "": {"executed_lines": [1, 2, 3, 4, 5, 8, 9, 13, 19, 69], "summary": {"covered_lines": 9, "num_statements": 9, "percent_covered": 100.0, "percent_covered_display": "100", "missing_lines": 0, "excluded_lines": 0, "percent_statements_covered": 100.0, "percent_statements_covered_display": "100"}, "missing_lines": [], "excluded_lines": []}}, "classes": {"DataLoader": {"executed_lines": [17, 40, 48, 49, 57, 58, 61, 67, 74, 75, 76], "summary": {"covered_lines": 11, "num_statements": 11, "percent_covered": 100.0, "percent_covered_display": "100", "missing_lines": 0, "excluded_lines": 0, "percent_statements_covered": 100.0, "percent_statements_covered_display": "100"}, "missing_lines": [], "excluded_lines": []}, "": {"executed_lines": [1, 2, 3, 4, 5, 8, 9, 13, 19, 69], "summary": {"covered_lines": 9, "num_statements": 9, "percent_covered": 100.0, "percent_covered_display": "100", "missing_lines": 0, "excluded_lines": 0, "percent_statements_covered": 100.0, "percent_statements_covered_display": "100"}, "missing_lines": [], "excluded_lines": []}}}, "src/kimball/merger.py": {"executed_lines": [1, 2, 3, 5, 6, 7, 8, 20, 22, 24, 30, 32, 34, 35, 42, 47, 48, 51, 57, 58, 59, 60, 61, 62, 82, 84, 87, 88, 93, 94, 111, 112, 115, 126, 136, 148, 153, 157, 165, 167, 168, 169, 190, 196, 201, 202, 203, 206, 207, 215, 222, 226, 229, 230, 233, 240, 243, 247, 251, 253, 503, 508, 509, 510, 514, 526, 532, 533, 534, 535, 536, 541, 656, 751, 759, 761, 770, 771, 772], "summary": {"covered_lines": 78, "num_statements": 282, "percent_covered": 27.659574468085108, "percent_covered_display": "28", "missing_lines": 204, "excluded_lines": 0, "percent_statements_covered": 27.659574468085108, "percent_statements_covered_display": "28"}, "missing_lines": [25, 27, 29, 63, 65, 66, 72, 73, 74, 77, 78, 79, 80, 113, 116, 158, 159, 160, 162, 170, 171, 172, 175, 176, 179, 180, 182, 185, 186, 188, 192, 241, 266, 267, 270, 271, 272, 273, 274, 276, 279, 286, 287, 288, 291, 294, 299, 315, 317, 318, 325, 326, 327, 329, 342, 353, 360, 368, 369, 374, 381, 384, 387, 388, 389, 390, 391, 392, 398, 399, 400, 401, 403, 406, 407, 409, 413, 421, 425, 427, 439, 441, 443, 445, 452, 460, 461, 462, 463, 464, 466, 468, 474, 485, 486, 489, 490, 492, 511, 512, 520, 522, 523, 524, 537, 538, 539, 553, 554, 557, 560, 561, 566, 573, 575, 577, 579, 582, 583, 584, 585, 588, 589, 590, 591, 592, 593, 596, 598, 599, 601, 602, 603, 604, 605, 616, 617, 618, 621, 623, 627, 628, 631, 632, 633, 634, 635, 636, 637, 638, 639, 641, 643, 645, 646, 649, 652, 669, 670, 673, 676, 677, 681, 683, 685, 687, 688, 690, 691, 692, 693, 696, 697, 698, 699, 700, 701, 702, 703, 714, 715, 716, 718, 720, 723, 724, 726, 727, 728, 729, 730, 731, 732, 733, 734, 736, 738, 740, 741, 744, 747, 765, 766, 767], "excluded_lines": [], "functions": {"_quote_table_name": {"executed_lines": [47, 48], "summary": {"covered_lines": 2, "num_statements": 2, "percent_covered": 100.0, "percent_covered_display": "100", "missing_lines": 0, "excluded_lines": 0, "percent_statements_covered": 100.0, "percent_statements_covered_display": "100"}, "missing_lines": [], "excluded_lines": []}, "retry_on_concurrent_exception": {"executed_lines": [57, 58, 84], "summary": {"covered_lines": 3, "num_statements": 3, "percent_covered": 100.0, "percent_covered_display": "100", "missing_lines": 0, "excluded_lines": 0, "percent_statements_covered": 100.0, "percent_statements_covered_display": "100"}, "missing_lines": [], "excluded_lines": []}, "retry_on_concurrent_exception.decorator": {"executed_lines": [59, 82], "summary": {"covered_lines": 2, "num_statements": 2, "percent_covered": 100.0, "percent_covered_display": "100", "missing_lines": 0, "excluded_lines": 0, "percent_statements_covered": 100.0, "percent_statements_covered_display": "100"}, "missing_lines": [], "excluded_lines": []}, "retry_on_concurrent_exception.decorator.wrapper": {"executed_lines": [60, 61, 62], "summary": {"covered_lines": 3, "num_statements": 13, "percent_covered": 23.076923076923077, "percent_covered_display": "23", "missing_lines": 10, "excluded_lines": 0, "percent_statements_covered": 23.076923076923077, "percent_statements_covered_display": "23"}, "missing_lines": [63, 65, 66, 72, 73, 74, 77, 78, 79, 80], "excluded_lines": []}, "DeltaMerger.merge": {"executed_lines": [111, 112, 115, 126], "summary": {"covered_lines": 4, "num_statements": 6, "percent_covered": 66.66666666666667, "percent_covered_display": "67", "missing_lines": 2, "excluded_lines": 0, "percent_statements_covered": 66.66666666666667, "percent_statements_covered_display": "67"}, "missing_lines": [113, 116], "excluded_lines": []}, "DeltaMerger._merge_scd1": {"executed_lines": [148, 153, 157, 165, 167, 168, 169, 190, 196, 201, 202, 203, 206, 207, 215, 222, 226, 229, 230, 233, 240, 243, 247, 251], "summary": {"covered_lines": 24, "num_statements": 41, "percent_covered": 58.53658536585366, "percent_covered_display": "59", "missing_lines": 17, "excluded_lines": 0, "percent_statements_covered": 58.53658536585366, "percent_statements_covered_display": "59"}, "missing_lines": [158, 159, 160, 162, 170, 171, 172, 175, 176, 179, 180, 182, 185, 186, 188, 192, 241], "excluded_lines": []}, "DeltaMerger._merge_scd2": {"executed_lines": [], "summary": {"covered_lines": 0, "num_statements": 66, "percent_covered": 0.0, "percent_covered_display": "0", "missing_lines": 66, "excluded_lines": 0, "percent_statements_covered": 0.0, "percent_statements_covered_display": "0"}, "missing_lines": [266, 267, 270, 271, 272, 273, 274, 276, 279, 286, 287, 288, 291, 294, 299, 315, 317, 318, 325, 326, 327, 329, 342, 353, 360, 368, 369, 374, 381, 384, 387, 388, 389, 390, 391, 392, 398, 399, 400, 401, 403, 406, 407, 409, 413, 421, 425, 427, 439, 441, 443, 445, 452, 460, 461, 462, 463, 464, 466, 468, 474, 485, 486, 489, 490, 492], "excluded_lines": []}, "DeltaMerger._is_delta_table": {"executed_lines": [508, 509, 510], "summary": {"covered_lines": 3, "num_statements": 5, "percent_covered": 60.0, "percent_covered_display": "60", "missing_lines": 2, "excluded_lines": 0, "percent_statements_covered": 60.0, "percent_statements_covered_display": "60"}, "missing_lines": [511, 512], "excluded_lines": []}, "DeltaMerger._set_table_auto_merge": {"executed_lines": [], "summary": {"covered_lines": 0, "num_statements": 4, "percent_covered": 0.0, "percent_covered_display": "0", "missing_lines": 4, "excluded_lines": 0, "percent_statements_covered": 0.0, "percent_statements_covered_display": "0"}, "missing_lines": [520, 522, 523, 524], "excluded_lines": []}, "DeltaMerger.get_last_merge_metrics": {"executed_lines": [532, 533, 534, 535, 536], "summary": {"covered_lines": 5, "num_statements": 8, "percent_covered": 62.5, "percent_covered_display": "62", "missing_lines": 3, "excluded_lines": 0, "percent_statements_covered": 62.5, "percent_statements_covered_display": "62"}, "missing_lines": [537, 538, 539], "excluded_lines": []}, "DeltaMerger.ensure_scd2_defaults": {"executed_lines": [], "summary": {"covered_lines": 0, "num_statements": 50, "percent_covered": 0.0, "percent_covered_display": "0", "missing_lines": 50, "excluded_lines": 0, "percent_statements_covered": 0.0, "percent_statements_covered_display": "0"}, "missing_lines": [553, 554, 557, 560, 561, 566, 573, 575, 577, 579, 582, 583, 584, 585, 588, 589, 590, 591, 592, 593, 596, 598, 599, 601, 602, 603, 604, 605, 616, 617, 618, 621, 623, 627, 628, 631, 632, 633, 634, 635, 636, 637, 638, 639, 641, 643, 645, 646, 649, 652], "excluded_lines": []}, "DeltaMerger.ensure_scd1_defaults": {"executed_lines": [], "summary": {"covered_lines": 0, "num_statements": 44, "percent_covered": 0.0, "percent_covered_display": "0", "missing_lines": 44, "excluded_lines": 0, "percent_statements_covered": 0.0, "percent_statements_covered_display": "0"}, "missing_lines": [669, 670, 673, 676, 677, 681, 683, 685, 687, 688, 690, 691, 692, 693, 696, 697, 698, 699, 700, 701, 702, 703, 714, 715, 716, 718, 720, 723, 724, 726, 727, 728, 729, 730, 731, 732, 733, 734, 736, 738, 740, 741, 744, 747], "excluded_lines": []}, "DeltaMerger.optimize_table": {"executed_lines": [759, 761, 770, 771, 772], "summary": {"covered_lines": 5, "num_statements": 8, "percent_covered": 62.5, "percent_covered_display": "62", "missing_lines": 3, "excluded_lines": 0, "percent_statements_covered": 62.5, "percent_statements_covered_display": "62"}, "missing_lines": [765, 766, 767], "excluded_lines": []}, "": {"executed_lines": [1, 2, 3, 5, 6, 7, 8, 20, 22, 24, 30, 32, 34, 35, 42, 51, 87, 88, 93, 94, 136, 253, 503, 514, 526, 541, 656, 751], "summary": {"covered_lines": 27, "num_statements": 30, "percent_covered": 90.0, "percent_covered_display": "90", "missing_lines": 3, "excluded_lines": 0, "percent_statements_covered": 90.0, "percent_statements_covered_display": "90"}, "missing_lines": [25, 27, 29], "excluded_lines": []}}, "classes": {"DeltaMerger": {"executed_lines": [111, 112, 115, 126, 148, 153, 157, 165, 167, 168, 169, 190, 196, 201, 202, 203, 206, 207, 215, 222, 226, 229, 230, 233, 240, 243, 247, 251, 508, 509, 510, 532, 533, 534, 535, 536, 759, 761, 770, 771, 772], "summary": {"covered_lines": 41, "num_statements": 232, "percent_covered": 17.67241379310345, "percent_covered_display": "18", "missing_lines": 191, "excluded_lines": 0, "percent_statements_covered": 17.67241379310345, "percent_statements_covered_display": "18"}, "missing_lines": [113, 116, 158, 159, 160, 162, 170, 171, 172, 175, 176, 179, 180, 182, 185, 186, 188, 192, 241, 266, 267, 270, 271, 272, 273, 274, 276, 279, 286, 287, 288, 291, 294, 299, 315, 317, 318, 325, 326, 327, 329, 342, 353, 360, 368, 369, 374, 381, 384, 387, 388, 389, 390, 391, 392, 398, 399, 400, 401, 403, 406, 407, 409, 413, 421, 425, 427, 439, 441, 443, 445, 452, 460, 461, 462, 463, 464, 466, 468, 474, 485, 486, 489, 490, 492, 511, 512, 520, 522, 523, 524, 537, 538, 539, 553, 554, 557, 560, 561, 566, 573, 575, 577, 579, 582, 583, 584, 585, 588, 589, 590, 591, 592, 593, 596, 598, 599, 601, 602, 603, 604, 605, 616, 617, 618, 621, 623, 627, 628, 631, 632, 633, 634, 635, 636, 637, 638, 639, 641, 643, 645, 646, 649, 652, 669, 670, 673, 676, 677, 681, 683, 685, 687, 688, 690, 691, 692, 693, 696, 697, 698, 699, 700, 701, 702, 703, 714, 715, 716, 718, 720, 723, 724, 726, 727, 728, 729, 730, 731, 732, 733, 734, 736, 738, 740, 741, 744, 747, 765, 766, 767], "excluded_lines": []}, "": {"executed_lines": [1, 2, 3, 5, 6, 7, 8, 20, 22, 24, 30, 32, 34, 35, 42, 47, 48, 51, 57, 58, 59, 60, 61, 62, 82, 84, 87, 88, 93, 94, 136, 253, 503, 514, 526, 541, 656, 751], "summary": {"covered_lines": 37, "num_statements": 50, "percent_covered": 74.0, "percent_covered_display": "74", "missing_lines": 13, "excluded_lines": 0, "percent_statements_covered": 74.0, "percent_statements_covered_display": "74"}, "missing_lines": [25, 27, 29, 63, 65, 66, 72, 73, 74, 77, 78, 79, 80], "excluded_lines": []}}}, "src/kimball/models.py": {"executed_lines": [1, 24, 26, 27, 29, 32, 33, 35, 36, 37, 40, 41, 43, 44, 47, 48, 50, 51, 54, 55, 57, 58, 59, 62, 63, 65, 66, 68, 69, 71, 72, 73, 76, 79, 80, 82, 85, 86, 89, 93, 96, 100, 101, 102, 104, 106, 109, 110, 112, 113, 116, 122, 123, 125, 126, 130, 131, 132, 134, 141, 142, 143, 144, 145, 146, 150, 153, 154, 156, 157, 158, 159, 162, 167, 168, 174, 177, 180, 185, 188, 189, 190, 191, 194, 195, 198, 200, 201, 204, 205, 214, 215, 218, 221, 222, 225, 228, 232, 233, 234, 236, 238, 241, 242, 251, 252, 255, 258, 262, 263, 264, 266, 268, 271, 284, 287, 288, 289, 290, 291, 293], "summary": {"covered_lines": 108, "num_statements": 112, "percent_covered": 96.42857142857143, "percent_covered_display": "96", "missing_lines": 4, "excluded_lines": 0, "percent_statements_covered": 96.42857142857143, "percent_statements_covered_display": "96"}, "missing_lines": [105, 147, 237, 267], "excluded_lines": [], "functions": {"FreshnessConfigModel.validate_thresholds": {"executed_lines": [71, 72, 73, 76], "summary": {"covered_lines": 4, "num_statements": 4, "percent_covered": 100.0, "percent_covered_display": "100", "missing_lines": 0, "excluded_lines": 0, "percent_statements_covered": 100.0, "percent_statements_covered_display": "100"}, "missing_lines": [], "excluded_lines": []}, "SourceConfigModel.default_alias_from_name": {"executed_lines": [104, 106], "summary": {"covered_lines": 2, "num_statements": 3, "percent_covered": 66.66666666666667, "percent_covered_display": "67", "missing_lines": 1, "excluded_lines": 0, "percent_statements_covered": 66.66666666666667, "percent_statements_covered_display": "67"}, "missing_lines": [105], "excluded_lines": []}, "ColumnTestModel.validate_test_names": {"executed_lines": [134, 141, 142, 143, 144, 145, 146, 150], "summary": {"covered_lines": 8, "num_statements": 9, "percent_covered": 88.88888888888889, "percent_covered_display": "89", "missing_lines": 1, "excluded_lines": 0, "percent_statements_covered": 88.88888888888889, "percent_statements_covered_display": "89"}, "missing_lines": [147], "excluded_lines": []}, "DimensionConfig.natural_keys_not_empty": {"executed_lines": [236, 238], "summary": {"covered_lines": 2, "num_statements": 3, "percent_covered": 66.66666666666667, "percent_covered_display": "67", "missing_lines": 1, "excluded_lines": 0, "percent_statements_covered": 66.66666666666667, "percent_statements_covered_display": "67"}, "missing_lines": [237], "excluded_lines": []}, "FactConfig.merge_keys_not_empty": {"executed_lines": [266, 268], "summary": {"covered_lines": 2, "num_statements": 3, "percent_covered": 66.66666666666667, "percent_covered_display": "67", "missing_lines": 1, "excluded_lines": 0, "percent_statements_covered": 66.66666666666667, "percent_statements_covered_display": "67"}, "missing_lines": [267], "excluded_lines": []}, "parse_table_config": {"executed_lines": [284, 287, 288, 289, 290, 291, 293], "summary": {"covered_lines": 7, "num_statements": 7, "percent_covered": 100.0, "percent_covered_display": "100", "missing_lines": 0, "excluded_lines": 0, "percent_statements_covered": 100.0, "percent_statements_covered_display": "100"}, "missing_lines": [], "excluded_lines": []}, "": {"executed_lines": [1, 24, 26, 27, 29, 32, 33, 35, 36, 37, 40, 41, 43, 44, 47, 48, 50, 51, 54, 55, 57, 58, 59, 62, 63, 65, 66, 68, 69, 79, 80, 82, 85, 86, 89, 93, 96, 100, 101, 102, 109, 110, 112, 113, 116, 122, 123, 125, 126, 130, 131, 132, 153, 154, 156, 157, 158, 159, 162, 167, 168, 174, 177, 180, 185, 188, 189, 190, 191, 194, 195, 198, 200, 201, 204, 205, 214, 215, 218, 221, 222, 225, 228, 232, 233, 234, 241, 242, 251, 252, 255, 258, 262, 263, 264, 271], "summary": {"covered_lines": 83, "num_statements": 83, "percent_covered": 100.0, "percent_covered_display": "100", "missing_lines": 0, "excluded_lines": 0, "percent_statements_covered": 100.0, "percent_statements_covered_display": "100"}, "missing_lines": [], "excluded_lines": []}}, "classes": {"CDCStrategy": {"executed_lines": [], "summary": {"covered_lines": 0, "num_statements": 0, "percent_covered": 100.0, "percent_covered_display": "100", "missing_lines": 0, "excluded_lines": 0, "percent_statements_covered": 100.0, "percent_statements_covered_display": "100"}, "missing_lines": [], "excluded_lines": []}, "SCDType": {"executed_lines": [], "summary": {"covered_lines": 0, "num_statements": 0, "percent_covered": 100.0, "percent_covered_display": "100", "missing_lines": 0, "excluded_lines": 0, "percent_statements_covered": 100.0, "percent_statements_covered_display": "100"}, "missing_lines": [], "excluded_lines": []}, "DeleteStrategy": {"executed_lines": [], "summary": {"covered_lines": 0, "num_statements": 0, "percent_covered": 100.0, "percent_covered_display": "100", "missing_lines": 0, "excluded_lines": 0, "percent_statements_covered": 100.0, "percent_statements_covered_display": "100"}, "missing_lines": [], "excluded_lines": []}, "SurrogateKeyStrategy": {"executed_lines": [], "summary": {"covered_lines": 0, "num_statements": 0, "percent_covered": 100.0, "percent_covered_display": "100", "missing_lines": 0, "excluded_lines": 0, "percent_statements_covered": 100.0, "percent_statements_covered_display": "100"}, "missing_lines": [], "excluded_lines": []}, "FreshnessConfigModel": {"executed_lines": [71, 72, 73, 76], "summary": {"covered_lines": 4, "num_statements": 4, "percent_covered": 100.0, "percent_covered_display": "100", "missing_lines": 0, "excluded_lines": 0, "percent_statements_covered": 100.0, "percent_statements_covered_display": "100"}, "missing_lines": [], "excluded_lines": []}, "SourceConfigModel": {"executed_lines": [104, 106], "summary": {"covered_lines": 2, "num_statements": 3, "percent_covered": 66.66666666666667, "percent_covered_display": "67", "missing_lines": 1, "excluded_lines": 0, "percent_statements_covered": 66.66666666666667, "percent_statements_covered_display": "67"}, "missing_lines": [105], "excluded_lines": []}, "ForeignKeyConfigModel": {"executed_lines": [], "summary": {"covered_lines": 0, "num_statements": 0, "percent_covered": 100.0, "percent_covered_display": "100", "missing_lines": 0, "excluded_lines": 0, "percent_statements_covered": 100.0, "percent_statements_covered_display": "100"}, "missing_lines": [], "excluded_lines": []}, "ColumnTestModel": {"executed_lines": [134, 141, 142, 143, 144, 145, 146, 150], "summary": {"covered_lines": 8, "num_statements": 9, "percent_covered": 88.88888888888889, "percent_covered_display": "89", "missing_lines": 1, "excluded_lines": 0, "percent_statements_covered": 88.88888888888889, "percent_statements_covered_display": "89"}, "missing_lines": [147], "excluded_lines": []}, "EarlyArrivingFactConfigModel": {"executed_lines": [], "summary": {"covered_lines": 0, "num_statements": 0, "percent_covered": 100.0, "percent_covered_display": "100", "missing_lines": 0, "excluded_lines": 0, "percent_statements_covered": 100.0, "percent_statements_covered_display": "100"}, "missing_lines": [], "excluded_lines": []}, "TableConfigModel": {"executed_lines": [], "summary": {"covered_lines": 0, "num_statements": 0, "percent_covered": 100.0, "percent_covered_display": "100", "missing_lines": 0, "excluded_lines": 0, "percent_statements_covered": 100.0, "percent_statements_covered_display": "100"}, "missing_lines": [], "excluded_lines": []}, "TableConfigModel.Config": {"executed_lines": [], "summary": {"covered_lines": 0, "num_statements": 0, "percent_covered": 100.0, "percent_covered_display": "100", "missing_lines": 0, "excluded_lines": 0, "percent_statements_covered": 100.0, "percent_statements_covered_display": "100"}, "missing_lines": [], "excluded_lines": []}, "DimensionConfig": {"executed_lines": [236, 238], "summary": {"covered_lines": 2, "num_statements": 3, "percent_covered": 66.66666666666667, "percent_covered_display": "67", "missing_lines": 1, "excluded_lines": 0, "percent_statements_covered": 66.66666666666667, "percent_statements_covered_display": "67"}, "missing_lines": [237], "excluded_lines": []}, "FactConfig": {"executed_lines": [266, 268], "summary": {"covered_lines": 2, "num_statements": 3, "percent_covered": 66.66666666666667, "percent_covered_display": "67", "missing_lines": 1, "excluded_lines": 0, "percent_statements_covered": 66.66666666666667, "percent_statements_covered_display": "67"}, "missing_lines": [267], "excluded_lines": []}, "": {"executed_lines": [1, 24, 26, 27, 29, 32, 33, 35, 36, 37, 40, 41, 43, 44, 47, 48, 50, 51, 54, 55, 57, 58, 59, 62, 63, 65, 66, 68, 69, 79, 80, 82, 85, 86, 89, 93, 96, 100, 101, 102, 109, 110, 112, 113, 116, 122, 123, 125, 126, 130, 131, 132, 153, 154, 156, 157, 158, 159, 162, 167, 168, 174, 177, 180, 185, 188, 189, 190, 191, 194, 195, 198, 200, 201, 204, 205, 214, 215, 218, 221, 222, 225, 228, 232, 233, 234, 241, 242, 251, 252, 255, 258, 262, 263, 264, 271, 284, 287, 288, 289, 290, 291, 293], "summary": {"covered_lines": 90, "num_statements": 90, "percent_covered": 100.0, "percent_covered_display": "100", "missing_lines": 0, "excluded_lines": 0, "percent_statements_covered": 100.0, "percent_statements_covered_display": "100"}, "missing_lines": [], "excluded_lines": []}}}, "src/kimball/orchestrator.py": {"executed_lines": [1, 2, 3, 4, 5, 6, 8, 9, 10, 11, 19, 20, 21, 22, 23, 24, 25, 27, 29, 31, 39, 56, 57, 62, 66, 71, 99, 108, 129, 132, 133, 138, 148, 166, 190, 199, 267, 268, 273, 277, 289, 292, 306, 307, 312, 322, 342, 365, 390, 402, 411, 412, 429, 527, 564, 586, 1035], "summary": {"covered_lines": 52, "num_statements": 418, "percent_covered": 12.440191387559809, "percent_covered_display": "12", "missing_lines": 366, "excluded_lines": 0, "percent_statements_covered": 12.440191387559809, "percent_statements_covered_display": "12"}, "missing_lines": [32, 34, 36, 50, 51, 53, 63, 64, 68, 69, 73, 74, 81, 82, 84, 86, 88, 89, 90, 93, 94, 96, 97, 101, 102, 103, 106, 110, 111, 113, 114, 118, 140, 141, 145, 146, 150, 152, 154, 162, 163, 164, 173, 174, 177, 183, 184, 188, 193, 195, 196, 197, 206, 207, 211, 213, 216, 217, 218, 221, 222, 224, 227, 233, 236, 237, 238, 239, 241, 247, 254, 255, 256, 259, 262, 263, 264, 274, 275, 284, 285, 290, 294, 295, 297, 298, 299, 302, 303, 314, 315, 319, 320, 324, 326, 328, 336, 337, 340, 344, 345, 347, 350, 355, 356, 363, 369, 370, 378, 379, 381, 382, 383, 384, 385, 386, 387, 388, 392, 395, 396, 400, 405, 406, 407, 408, 452, 453, 456, 457, 458, 459, 460, 462, 465, 466, 472, 473, 476, 477, 479, 481, 482, 484, 492, 493, 495, 496, 497, 499, 503, 504, 505, 506, 507, 510, 515, 520, 523, 536, 537, 538, 540, 542, 543, 544, 547, 550, 551, 553, 558, 562, 575, 578, 581, 582, 583, 584, 597, 601, 602, 603, 605, 608, 609, 611, 612, 613, 614, 617, 618, 621, 623, 625, 627, 628, 631, 632, 633, 634, 637, 638, 641, 643, 644, 648, 655, 656, 658, 662, 668, 669, 672, 673, 678, 681, 682, 683, 692, 693, 694, 695, 696, 698, 706, 719, 724, 725, 726, 729, 730, 731, 732, 736, 742, 743, 745, 746, 747, 748, 750, 758, 760, 761, 763, 765, 769, 770, 771, 773, 778, 779, 784, 785, 789, 793, 794, 798, 799, 800, 802, 811, 812, 817, 818, 819, 822, 829, 832, 833, 834, 835, 842, 843, 853, 857, 859, 860, 861, 862, 865, 867, 870, 871, 873, 876, 877, 878, 880, 881, 882, 885, 886, 890, 894, 895, 899, 908, 909, 910, 911, 913, 916, 921, 923, 928, 929, 931, 933, 947, 948, 953, 954, 955, 960, 961, 969, 970, 972, 973, 975, 983, 988, 989, 990, 991, 992, 995, 996, 997, 1001, 1010, 1012, 1013, 1016, 1017, 1019, 1020, 1021, 1024, 1025, 1028, 1029, 1030, 1031, 1033, 1049, 1050, 1052, 1053, 1054, 1055, 1056, 1057, 1058, 1059, 1060, 1063, 1065, 1066, 1067, 1068, 1069, 1071, 1072, 1073], "excluded_lines": [], "functions": {"_feature_enabled": {"executed_lines": [], "summary": {"covered_lines": 0, "num_statements": 3, "percent_covered": 0.0, "percent_covered_display": "0", "missing_lines": 3, "excluded_lines": 0, "percent_statements_covered": 0.0, "percent_statements_covered_display": "0"}, "missing_lines": [50, 51, 53], "excluded_lines": []}, "QueryMetricsCollector.__init__": {"executed_lines": [], "summary": {"covered_lines": 0, "num_statements": 2, "percent_covered": 0.0, "percent_covered_display": "0", "missing_lines": 2, "excluded_lines": 0, "percent_statements_covered": 0.0, "percent_statements_covered_display": "0"}, "missing_lines": [63, 64], "excluded_lines": []}, "QueryMetricsCollector.start_collection": {"executed_lines": [], "summary": {"covered_lines": 0, "num_statements": 2, "percent_covered": 0.0, "percent_covered_display": "0", "missing_lines": 2, "excluded_lines": 0, "percent_statements_covered": 0.0, "percent_statements_covered_display": "0"}, "missing_lines": [68, 69], "excluded_lines": []}, "QueryMetricsCollector.add_operation_metric": {"executed_lines": [], "summary": {"covered_lines": 0, "num_statements": 13, "percent_covered": 0.0, "percent_covered_display": "0", "missing_lines": 13, "excluded_lines": 0, "percent_statements_covered": 0.0, "percent_statements_covered_display": "0"}, "missing_lines": [73, 74, 81, 82, 84, 86, 88, 89, 90, 93, 94, 96, 97], "excluded_lines": []}, "QueryMetricsCollector.stop_collection": {"executed_lines": [], "summary": {"covered_lines": 0, "num_statements": 4, "percent_covered": 0.0, "percent_covered_display": "0", "missing_lines": 4, "excluded_lines": 0, "percent_statements_covered": 0.0, "percent_statements_covered_display": "0"}, "missing_lines": [101, 102, 103, 106], "excluded_lines": []}, "QueryMetricsCollector.get_summary": {"executed_lines": [], "summary": {"covered_lines": 0, "num_statements": 5, "percent_covered": 0.0, "percent_covered_display": "0", "missing_lines": 5, "excluded_lines": 0, "percent_statements_covered": 0.0, "percent_statements_covered_display": "0"}, "missing_lines": [110, 111, 113, 114, 118], "excluded_lines": []}, "StagingCleanupManager.__init__": {"executed_lines": [], "summary": {"covered_lines": 0, "num_statements": 4, "percent_covered": 0.0, "percent_covered_display": "0", "missing_lines": 4, "excluded_lines": 0, "percent_statements_covered": 0.0, "percent_statements_covered_display": "0"}, "missing_lines": [140, 141, 145, 146], "excluded_lines": []}, "StagingCleanupManager._ensure_registry_table": {"executed_lines": [], "summary": {"covered_lines": 0, "num_statements": 6, "percent_covered": 0.0, "percent_covered_display": "0", "missing_lines": 6, "excluded_lines": 0, "percent_statements_covered": 0.0, "percent_statements_covered_display": "0"}, "missing_lines": [150, 152, 154, 162, 163, 164], "excluded_lines": []}, "StagingCleanupManager.register_staging_table": {"executed_lines": [], "summary": {"covered_lines": 0, "num_statements": 6, "percent_covered": 0.0, "percent_covered_display": "0", "missing_lines": 6, "excluded_lines": 0, "percent_statements_covered": 0.0, "percent_statements_covered_display": "0"}, "missing_lines": [173, 174, 177, 183, 184, 188], "excluded_lines": []}, "StagingCleanupManager.unregister_staging_table": {"executed_lines": [], "summary": {"covered_lines": 0, "num_statements": 4, "percent_covered": 0.0, "percent_covered_display": "0", "missing_lines": 4, "excluded_lines": 0, "percent_statements_covered": 0.0, "percent_statements_covered_display": "0"}, "missing_lines": [193, 195, 196, 197], "excluded_lines": []}, "StagingCleanupManager.cleanup_staging_tables": {"executed_lines": [], "summary": {"covered_lines": 0, "num_statements": 17, "percent_covered": 0.0, "percent_covered_display": "0", "missing_lines": 17, "excluded_lines": 0, "percent_statements_covered": 0.0, "percent_statements_covered_display": "0"}, "missing_lines": [206, 207, 211, 213, 216, 217, 218, 221, 222, 224, 227, 233, 236, 259, 262, 263, 264], "excluded_lines": []}, "StagingCleanupManager.cleanup_staging_tables.cleanup_partition": {"executed_lines": [], "summary": {"covered_lines": 0, "num_statements": 8, "percent_covered": 0.0, "percent_covered_display": "0", "missing_lines": 8, "excluded_lines": 0, "percent_statements_covered": 0.0, "percent_statements_covered_display": "0"}, "missing_lines": [237, 238, 239, 241, 247, 254, 255, 256], "excluded_lines": []}, "StagingTableManager.__init__": {"executed_lines": [], "summary": {"covered_lines": 0, "num_statements": 2, "percent_covered": 0.0, "percent_covered_display": "0", "missing_lines": 2, "excluded_lines": 0, "percent_statements_covered": 0.0, "percent_statements_covered_display": "0"}, "missing_lines": [274, 275], "excluded_lines": []}, "StagingTableManager.register_staging_table": {"executed_lines": [], "summary": {"covered_lines": 0, "num_statements": 2, "percent_covered": 0.0, "percent_covered_display": "0", "missing_lines": 2, "excluded_lines": 0, "percent_statements_covered": 0.0, "percent_statements_covered_display": "0"}, "missing_lines": [284, 285], "excluded_lines": []}, "StagingTableManager.__enter__": {"executed_lines": [], "summary": {"covered_lines": 0, "num_statements": 1, "percent_covered": 0.0, "percent_covered_display": "0", "missing_lines": 1, "excluded_lines": 0, "percent_statements_covered": 0.0, "percent_statements_covered_display": "0"}, "missing_lines": [290], "excluded_lines": []}, "StagingTableManager.__exit__": {"executed_lines": [], "summary": {"covered_lines": 0, "num_statements": 7, "percent_covered": 0.0, "percent_covered_display": "0", "missing_lines": 7, "excluded_lines": 0, "percent_statements_covered": 0.0, "percent_statements_covered_display": "0"}, "missing_lines": [294, 295, 297, 298, 299, 302, 303], "excluded_lines": []}, "PipelineCheckpoint.__init__": {"executed_lines": [], "summary": {"covered_lines": 0, "num_statements": 4, "percent_covered": 0.0, "percent_covered_display": "0", "missing_lines": 4, "excluded_lines": 0, "percent_statements_covered": 0.0, "percent_statements_covered_display": "0"}, "missing_lines": [314, 315, 319, 320], "excluded_lines": []}, "PipelineCheckpoint._ensure_checkpoint_table": {"executed_lines": [], "summary": {"covered_lines": 0, "num_statements": 6, "percent_covered": 0.0, "percent_covered_display": "0", "missing_lines": 6, "excluded_lines": 0, "percent_statements_covered": 0.0, "percent_statements_covered_display": "0"}, "missing_lines": [324, 326, 328, 336, 337, 340], "excluded_lines": []}, "PipelineCheckpoint.save_checkpoint": {"executed_lines": [], "summary": {"covered_lines": 0, "num_statements": 7, "percent_covered": 0.0, "percent_covered_display": "0", "missing_lines": 7, "excluded_lines": 0, "percent_statements_covered": 0.0, "percent_statements_covered_display": "0"}, "missing_lines": [344, 345, 347, 350, 355, 356, 363], "excluded_lines": []}, "PipelineCheckpoint.load_checkpoint": {"executed_lines": [], "summary": {"covered_lines": 0, "num_statements": 12, "percent_covered": 0.0, "percent_covered_display": "0", "missing_lines": 12, "excluded_lines": 0, "percent_statements_covered": 0.0, "percent_statements_covered_display": "0"}, "missing_lines": [369, 370, 378, 379, 381, 382, 383, 384, 385, 386, 387, 388], "excluded_lines": []}, "PipelineCheckpoint.clear_checkpoint": {"executed_lines": [], "summary": {"covered_lines": 0, "num_statements": 4, "percent_covered": 0.0, "percent_covered_display": "0", "missing_lines": 4, "excluded_lines": 0, "percent_statements_covered": 0.0, "percent_statements_covered_display": "0"}, "missing_lines": [392, 395, 396, 400], "excluded_lines": []}, "PipelineCheckpoint.list_checkpoints": {"executed_lines": [], "summary": {"covered_lines": 0, "num_statements": 4, "percent_covered": 0.0, "percent_covered_display": "0", "missing_lines": 4, "excluded_lines": 0, "percent_statements_covered": 0.0, "percent_statements_covered_display": "0"}, "missing_lines": [405, 406, 407, 408], "excluded_lines": []}, "Orchestrator.__init__": {"executed_lines": [], "summary": {"covered_lines": 0, "num_statements": 33, "percent_covered": 0.0, "percent_covered_display": "0", "missing_lines": 33, "excluded_lines": 0, "percent_statements_covered": 0.0, "percent_statements_covered_display": "0"}, "missing_lines": [452, 453, 456, 457, 458, 459, 460, 462, 465, 466, 472, 473, 476, 477, 479, 481, 482, 484, 492, 493, 495, 496, 497, 499, 503, 504, 505, 506, 507, 510, 515, 520, 523], "excluded_lines": []}, "Orchestrator._add_system_columns": {"executed_lines": [], "summary": {"covered_lines": 0, "num_statements": 13, "percent_covered": 0.0, "percent_covered_display": "0", "missing_lines": 13, "excluded_lines": 0, "percent_statements_covered": 0.0, "percent_statements_covered_display": "0"}, "missing_lines": [536, 537, 538, 540, 542, 543, 544, 547, 550, 551, 553, 558, 562], "excluded_lines": []}, "Orchestrator.cleanup_orphaned_staging_tables": {"executed_lines": [], "summary": {"covered_lines": 0, "num_statements": 6, "percent_covered": 0.0, "percent_covered_display": "0", "missing_lines": 6, "excluded_lines": 0, "percent_statements_covered": 0.0, "percent_statements_covered_display": "0"}, "missing_lines": [575, 578, 581, 582, 583, 584], "excluded_lines": []}, "Orchestrator.run": {"executed_lines": [], "summary": {"covered_lines": 0, "num_statements": 168, "percent_covered": 0.0, "percent_covered_display": "0", "missing_lines": 168, "excluded_lines": 0, "percent_statements_covered": 0.0, "percent_statements_covered_display": "0
[...]
tements_covered_display": "96"}, "missing_lines": [36, 37], "excluded_lines": [39, 40, 42]}}, "classes": {"TestSeverity": {"executed_lines": [], "summary": {"covered_lines": 0, "num_statements": 0, "percent_covered": 100.0, "percent_covered_display": "100", "missing_lines": 0, "excluded_lines": 0, "percent_statements_covered": 100.0, "percent_statements_covered_display": "100"}, "missing_lines": [], "excluded_lines": []}, "TestResult": {"executed_lines": [65, 70, 71], "summary": {"covered_lines": 3, "num_statements": 3, "percent_covered": 100.0, "percent_covered_display": "100", "missing_lines": 0, "excluded_lines": 0, "percent_statements_covered": 100.0, "percent_statements_covered_display": "100"}, "missing_lines": [], "excluded_lines": []}, "ValidationReport": {"executed_lines": [83, 88, 93, 100, 105, 106, 107, 108, 109, 112, 116, 117, 122, 123], "summary": {"covered_lines": 14, "num_statements": 14, "percent_covered": 100.0, "percent_covered_display": "100", "missing_lines": 0, "excluded_lines": 0, "percent_statements_covered": 100.0, "percent_statements_covered_display": "100"}, "missing_lines": [], "excluded_lines": []}, "DataQualityValidator": {"executed_lines": [143, 148, 152, 172, 174, 175, 178, 184, 187, 188, 189, 190, 192, 229, 231, 232, 235, 236, 237, 239, 240, 243, 244, 245, 246, 248, 287, 289, 290, 293, 294, 297, 298, 300, 303, 305, 346, 350, 351, 354, 358, 365, 366, 369, 370, 371, 374, 376, 417, 419, 420, 423, 424, 427, 428, 429, 430, 432], "summary": {"covered_lines": 58, "num_statements": 104, "percent_covered": 55.76923076923077, "percent_covered_display": "56", "missing_lines": 46, "excluded_lines": 0, "percent_statements_covered": 55.76923076923077, "percent_statements_covered_display": "56"}, "missing_lines": [149, 151, 203, 204, 259, 260, 316, 317, 387, 388, 443, 444, 471, 474, 475, 478, 479, 482, 483, 484, 487, 488, 498, 499, 500, 502, 510, 513, 514, 516, 517, 519, 520, 522, 523, 524, 525, 526, 528, 529, 534, 535, 536, 544, 545, 547], "excluded_lines": []}, "": {"executed_lines": [1, 24, 26, 27, 28, 30, 34, 35, 39, 45, 46, 48, 49, 52, 53, 54, 56, 57, 58, 59, 60, 61, 62, 64, 74, 75, 76, 78, 80, 81, 85, 86, 90, 91, 97, 98, 104, 114, 129, 130, 136, 145, 146, 154, 211, 267, 324, 395, 451, 504], "summary": {"covered_lines": 44, "num_statements": 46, "percent_covered": 95.65217391304348, "percent_covered_display": "96", "missing_lines": 2, "excluded_lines": 3, "percent_statements_covered": 95.65217391304348, "percent_statements_covered_display": "96"}, "missing_lines": [36, 37], "excluded_lines": [39, 40, 42]}}}, "src/kimball/view_refresher.py": {"executed_lines": [1, 17, 19, 21, 25, 26, 28, 31, 32, 34, 40, 42, 52, 54, 63, 64, 65, 66, 67, 68, 69, 71, 84, 85, 90, 109, 110, 113, 116, 117, 124, 127, 128, 131, 132, 133, 136, 143, 144, 145, 149, 164, 165, 166, 167, 168, 169, 170, 171, 172, 174, 176, 197, 199, 200, 202, 204, 205, 206, 210, 212, 214, 215, 216, 221, 223, 224, 225], "summary": {"covered_lines": 64, "num_statements": 70, "percent_covered": 91.42857142857143, "percent_covered_display": "91", "missing_lines": 6, "excluded_lines": 2, "percent_statements_covered": 91.42857142857143, "percent_statements_covered_display": "91"}, "missing_lines": [118, 119, 146, 147, 226, 227], "excluded_lines": [21, 22], "functions": {"ViewRefresher.__init__": {"executed_lines": [40], "summary": {"covered_lines": 1, "num_statements": 1, "percent_covered": 100.0, "percent_covered_display": "100", "missing_lines": 0, "excluded_lines": 0, "percent_statements_covered": 100.0, "percent_statements_covered_display": "100"}, "missing_lines": [], "excluded_lines": []}, "ViewRefresher._quote_identifier": {"executed_lines": [52], "summary": {"covered_lines": 1, "num_statements": 1, "percent_covered": 100.0, "percent_covered_display": "100", "missing_lines": 0, "excluded_lines": 0, "percent_statements_covered": 100.0, "percent_statements_covered_display": "100"}, "missing_lines": [], "excluded_lines": []}, "ViewRefresher._validate_table_exists": {"executed_lines": [63, 64, 65, 66, 67, 68, 69], "summary": {"covered_lines": 7, "num_statements": 7, "percent_covered": 100.0, "percent_covered_display": "100", "missing_lines": 0, "excluded_lines": 0, "percent_statements_covered": 100.0, "percent_statements_covered_display": "100"}, "missing_lines": [], "excluded_lines": []}, "ViewRefresher._validate_column_exists": {"executed_lines": [84, 85], "summary": {"covered_lines": 2, "num_statements": 2, "percent_covered": 100.0, "percent_covered_display": "100", "missing_lines": 0, "excluded_lines": 0, "percent_statements_covered": 100.0, "percent_statements_covered_display": "100"}, "missing_lines": [], "excluded_lines": []}, "ViewRefresher.refresh_current_view": {"executed_lines": [109, 110, 113, 116, 117, 124, 127, 128, 131, 132, 133, 136, 143, 144, 145], "summary": {"covered_lines": 15, "num_statements": 19, "percent_covered": 78.94736842105263, "percent_covered_display": "79", "missing_lines": 4, "excluded_lines": 0, "percent_statements_covered": 78.94736842105263, "percent_statements_covered_display": "79"}, "missing_lines": [118, 119, 146, 147], "excluded_lines": []}, "ViewRefresher.refresh_all_dimension_views": {"executed_lines": [164, 165, 166, 167, 168, 169, 170, 171, 172, 174], "summary": {"covered_lines": 10, "num_statements": 10, "percent_covered": 100.0, "percent_covered_display": "100", "missing_lines": 0, "excluded_lines": 0, "percent_statements_covered": 100.0, "percent_statements_covered_display": "100"}, "missing_lines": [], "excluded_lines": []}, "ViewRefresher.create_versioned_view": {"executed_lines": [197, 199, 200, 202, 204, 205, 206, 210, 212, 214, 215, 216, 221, 223, 224, 225], "summary": {"covered_lines": 16, "num_statements": 18, "percent_covered": 88.88888888888889, "percent_covered_display": "89", "missing_lines": 2, "excluded_lines": 0, "percent_statements_covered": 88.88888888888889, "percent_statements_covered_display": "89"}, "missing_lines": [226, 227], "excluded_lines": []}, "": {"executed_lines": [1, 17, 19, 21, 25, 26, 28, 31, 32, 34, 42, 54, 71, 90, 149, 176], "summary": {"covered_lines": 12, "num_statements": 12, "percent_covered": 100.0, "percent_covered_display": "100", "missing_lines": 0, "excluded_lines": 2, "percent_statements_covered": 100.0, "percent_statements_covered_display": "100"}, "missing_lines": [], "excluded_lines": [21, 22]}}, "classes": {"ViewRefreshError": {"executed_lines": [], "summary": {"covered_lines": 0, "num_statements": 0, "percent_covered": 100.0, "percent_covered_display": "100", "missing_lines": 0, "excluded_lines": 0, "percent_statements_covered": 100.0, "percent_statements_covered_display": "100"}, "missing_lines": [], "excluded_lines": []}, "ViewRefresher": {"executed_lines": [40, 52, 63, 64, 65, 66, 67, 68, 69, 84, 85, 109, 110, 113, 116, 117, 124, 127, 128, 131, 132, 133, 136, 143, 144, 145, 164, 165, 166, 167, 168, 169, 170, 171, 172, 174, 197, 199, 200, 202, 204, 205, 206, 210, 212, 214, 215, 216, 221, 223, 224, 225], "summary": {"covered_lines": 52, "num_statements": 58, "percent_covered": 89.65517241379311, "percent_covered_display": "90", "missing_lines": 6, "excluded_lines": 0, "percent_statements_covered": 89.65517241379311, "percent_statements_covered_display": "90"}, "missing_lines": [118, 119, 146, 147, 226, 227], "excluded_lines": []}, "": {"executed_lines": [1, 17, 19, 21, 25, 26, 28, 31, 32, 34, 42, 54, 71, 90, 149, 176], "summary": {"covered_lines": 12, "num_statements": 12, "percent_covered": 100.0, "percent_covered_display": "100", "missing_lines": 0, "excluded_lines": 2, "percent_statements_covered": 100.0, "percent_statements_covered_display": "100"}, "missing_lines": [], "excluded_lines": [21, 22]}}}, "src/kimball/watermark.py": {"executed_lines": [1, 17, 18, 19, 20, 22, 23, 24, 25, 34, 37, 39, 42, 43, 83, 85, 103, 113, 114, 117, 121, 128, 129, 132, 134, 140, 146, 148, 149, 174, 175, 183, 187, 188, 197, 198, 199, 201, 221, 227, 229, 243, 245, 264, 278, 295, 296, 305, 306, 309, 320, 323, 334, 365, 382, 386, 389, 406, 409, 410, 411, 414, 419, 420, 421, 423], "summary": {"covered_lines": 64, "num_statements": 80, "percent_covered": 80.0, "percent_covered_display": "80", "missing_lines": 16, "excluded_lines": 0, "percent_statements_covered": 80.0, "percent_statements_covered_display": "80"}, "missing_lines": [104, 109, 110, 118, 119, 122, 176, 177, 207, 307, 321, 341, 342, 347, 348, 358], "excluded_lines": [], "functions": {"get_etl_schema": {"executed_lines": [39], "summary": {"covered_lines": 1, "num_statements": 1, "percent_covered": 100.0, "percent_covered_display": "100", "missing_lines": 0, "excluded_lines": 0, "percent_statements_covered": 100.0, "percent_statements_covered_display": "100"}, "missing_lines": [], "excluded_lines": []}, "ETLControlManager.__init__": {"executed_lines": [103, 113, 114, 117, 121, 128, 129, 132, 134], "summary": {"covered_lines": 9, "num_statements": 15, "percent_covered": 60.0, "percent_covered_display": "60", "missing_lines": 6, "excluded_lines": 0, "percent_statements_covered": 60.0, "percent_statements_covered_display": "60"}, "missing_lines": [104, 109, 110, 118, 119, 122], "excluded_lines": []}, "ETLControlManager._ensure_table_exists": {"executed_lines": [146, 148, 149, 174, 175], "summary": {"covered_lines": 5, "num_statements": 7, "percent_covered": 71.42857142857143, "percent_covered_display": "71", "missing_lines": 2, "excluded_lines": 0, "percent_statements_covered": 71.42857142857143, "percent_statements_covered_display": "71"}, "missing_lines": [176, 177], "excluded_lines": []}, "ETLControlManager.get_watermark": {"executed_lines": [187, 188, 197, 198, 199], "summary": {"covered_lines": 5, "num_statements": 5, "percent_covered": 100.0, "percent_covered_display": "100", "missing_lines": 0, "excluded_lines": 0, "percent_statements_covered": 100.0, "percent_statements_covered_display": "100"}, "missing_lines": [], "excluded_lines": []}, "ETLControlManager.update_watermark": {"executed_lines": [], "summary": {"covered_lines": 0, "num_statements": 1, "percent_covered": 0.0, "percent_covered_display": "0", "missing_lines": 1, "excluded_lines": 0, "percent_statements_covered": 0.0, "percent_statements_covered_display": "0"}, "missing_lines": [207], "excluded_lines": []}, "ETLControlManager.batch_start": {"executed_lines": [227, 229, 243], "summary": {"covered_lines": 3, "num_statements": 3, "percent_covered": 100.0, "percent_covered_display": "100", "missing_lines": 0, "excluded_lines": 0, "percent_statements_covered": 100.0, "percent_statements_covered_display": "100"}, "missing_lines": [], "excluded_lines": []}, "ETLControlManager.batch_complete": {"executed_lines": [264], "summary": {"covered_lines": 1, "num_statements": 1, "percent_covered": 100.0, "percent_covered_display": "100", "missing_lines": 0, "excluded_lines": 0, "percent_statements_covered": 100.0, "percent_statements_covered_display": "100"}, "missing_lines": [], "excluded_lines": []}, "ETLControlManager.get_source_version_for_target": {"executed_lines": [295, 296, 305, 306], "summary": {"covered_lines": 4, "num_statements": 5, "percent_covered": 80.0, "percent_covered_display": "80", "missing_lines": 1, "excluded_lines": 0, "percent_statements_covered": 80.0, "percent_statements_covered_display": "80"}, "missing_lines": [307], "excluded_lines": []}, "ETLControlManager.batch_fail": {"executed_lines": [320, 323], "summary": {"covered_lines": 2, "num_statements": 3, "percent_covered": 66.66666666666667, "percent_covered_display": "67", "missing_lines": 1, "excluded_lines": 0, "percent_statements_covered": 66.66666666666667, "percent_statements_covered_display": "67"}, "missing_lines": [321], "excluded_lines": []}, "ETLControlManager.get_batch_status": {"executed_lines": [], "summary": {"covered_lines": 0, "num_statements": 5, "percent_covered": 0.0, "percent_covered_display": "0", "missing_lines": 5, "excluded_lines": 0, "percent_statements_covered": 0.0, "percent_statements_covered_display": "0"}, "missing_lines": [341, 342, 347, 348, 358], "excluded_lines": []}, "ETLControlManager._upsert_control_record": {"executed_lines": [386, 389, 406, 409, 410, 411, 414, 419, 420, 421, 423], "summary": {"covered_lines": 11, "num_statements": 11, "percent_covered": 100.0, "percent_covered_display": "100", "missing_lines": 0, "excluded_lines": 0, "percent_statements_covered": 100.0, "percent_statements_covered_display": "100"}, "missing_lines": [], "excluded_lines": []}, "": {"executed_lines": [1, 17, 18, 19, 20, 22, 23, 24, 25, 34, 37, 42, 43, 83, 85, 140, 183, 201, 221, 245, 278, 309, 334, 365, 382], "summary": {"covered_lines": 23, "num_statements": 23, "percent_covered": 100.0, "percent_covered_display": "100", "missing_lines": 0, "excluded_lines": 0, "percent_statements_covered": 100.0, "percent_statements_covered_display": "100"}, "missing_lines": [], "excluded_lines": []}}, "classes": {"ETLControlManager": {"executed_lines": [103, 113, 114, 117, 121, 128, 129, 132, 134, 146, 148, 149, 174, 175, 187, 188, 197, 198, 199, 227, 229, 243, 264, 295, 296, 305, 306, 320, 323, 386, 389, 406, 409, 410, 411, 414, 419, 420, 421, 423], "summary": {"covered_lines": 40, "num_statements": 56, "percent_covered": 71.42857142857143, "percent_covered_display": "71", "missing_lines": 16, "excluded_lines": 0, "percent_statements_covered": 71.42857142857143, "percent_statements_covered_display": "71"}, "missing_lines": [104, 109, 110, 118, 119, 122, 176, 177, 207, 307, 321, 341, 342, 347, 348, 358], "excluded_lines": []}, "": {"executed_lines": [1, 17, 18, 19, 20, 22, 23, 24, 25, 34, 37, 39, 42, 43, 83, 85, 140, 183, 201, 221, 245, 278, 309, 334, 365, 382], "summary": {"covered_lines": 24, "num_statements": 24, "percent_covered": 100.0, "percent_covered_display": "100", "missing_lines": 0, "excluded_lines": 0, "percent_statements_covered": 100.0, "percent_statements_covered_display": "100"}, "missing_lines": [], "excluded_lines": []}}}, "src/kimball/workflow_generator.py": {"executed_lines": [1, 17, 19, 20, 21, 22, 24, 26, 29, 30, 31, 33, 34, 35, 36, 37, 40, 41, 43, 49, 51, 67, 68, 70, 74, 75, 76, 78, 79, 80, 83, 85, 94, 95, 96, 97, 98, 103, 104, 105, 106, 107, 109, 111, 113, 115, 130, 133, 134, 135, 137, 139, 159, 160, 161, 164, 167, 168, 171, 174, 175, 188, 189, 198, 199, 200, 203, 227, 229, 244, 245, 247, 248, 249, 260, 261, 265, 267, 269, 283, 285, 286, 288, 290], "summary": {"covered_lines": 81, "num_statements": 97, "percent_covered": 83.50515463917526, "percent_covered_display": "84", "missing_lines": 16, "excluded_lines": 0, "percent_statements_covered": 83.50515463917526, "percent_statements_covered_display": "84"}, "missing_lines": [297, 298, 300, 301, 302, 303, 304, 306, 307, 308, 309, 310, 311, 312, 313, 314], "excluded_lines": [], "functions": {"WorkflowGenerator.__init__": {"executed_lines": [49], "summary": {"covered_lines": 1, "num_statements": 1, "percent_covered": 100.0, "percent_covered_display": "100", "missing_lines": 0, "excluded_lines": 0, "percent_statements_covered": 100.0, "percent_statements_covered_display": "100"}, "missing_lines": [], "excluded_lines": []}, "WorkflowGenerator.scan_configs": {"executed_lines": [67, 68, 70, 74, 75, 76, 78, 79, 80, 83, 85, 94, 95, 96, 97, 98, 103, 104, 105, 106, 107, 109], "summary": {"covered_lines": 22, "num_statements": 22, "percent_covered": 100.0, "percent_covered_display": "100", "missing_lines": 0, "excluded_lines": 0, "percent_statements_covered": 100.0, "percent_statements_covered_display": "100"}, "missing_lines": [], "excluded_lines": []}, "WorkflowGenerator._sanitize_task_key": {"executed_lines": [113], "summary": {"covered_lines": 1, "num_statements": 1, "percent_covered": 100.0, "percent_covered_display": "100", "missing_lines": 0, "excluded_lines": 0, "percent_statements_covered": 100.0, "percent_statements_covered_display": "100"}, "missing_lines": [], "excluded_lines": []}, "WorkflowGenerator.build_dependency_graph": {"executed_lines": [130, 133, 134, 135, 137], "summary": {"covered_lines": 5, "num_statements": 5, "percent_covered": 100.0, "percent_covered_display": "100", "missing_lines": 0, "excluded_lines": 0, "percent_statements_covered": 100.0, "percent_statements_covered_display": "100"}, "missing_lines": [], "excluded_lines": []}, "WorkflowGenerator.generate_dab_yaml": {"executed_lines": [159, 160, 161, 164, 167, 168, 171, 174, 175, 188, 189, 198, 199, 200, 203, 227], "summary": {"covered_lines": 16, "num_statements": 16, "percent_covered": 100.0, "percent_covered_display": "100", "missing_lines": 0, "excluded_lines": 0, "percent_statements_covered": 100.0, "percent_statements_covered_display": "100"}, "missing_lines": [], "excluded_lines": []}, "WorkflowGenerator.generate_individual_tasks": {"executed_lines": [244, 245, 247, 248, 249, 260, 261, 265, 267], "summary": {"covered_lines": 9, "num_statements": 9, "percent_covered": 100.0, "percent_covered_display": "100", "missing_lines": 0, "excluded_lines": 0, "percent_statements_covered": 100.0, "percent_statements_covered_display": "100"}, "missing_lines": [], "excluded_lines": []}, "WorkflowGenerator.save_dab_yaml": {"executed_lines": [283, 285, 286, 288], "summary": {"covered_lines": 4, "num_statements": 4, "percent_covered": 100.0, "percent_covered_display": "100", "missing_lines": 0, "excluded_lines": 0, "percent_statements_covered": 100.0, "percent_statements_covered_display": "100"}, "missing_lines": [], "excluded_lines": []}, "WorkflowGenerator.print_dependency_graph": {"executed_lines": [], "summary": {"covered_lines": 0, "num_statements": 16, "percent_covered": 0.0, "percent_covered_display": "0", "missing_lines": 16, "excluded_lines": 0, "percent_statements_covered": 0.0, "percent_statements_covered_display": "0"}, "missing_lines": [297, 298, 300, 301, 302, 303, 304, 306, 307, 308, 309, 310, 311, 312, 313, 314], "excluded_lines": []}, "": {"executed_lines": [1, 17, 19, 20, 21, 22, 24, 26, 29, 30, 31, 33, 34, 35, 36, 37, 40, 41, 43, 51, 111, 115, 139, 229, 269, 290], "summary": {"covered_lines": 23, "num_statements": 23, "percent_covered": 100.0, "percent_covered_display": "100", "missing_lines": 0, "excluded_lines": 0, "percent_statements_covered": 100.0, "percent_statements_covered_display": "100"}, "missing_lines": [], "excluded_lines": []}}, "classes": {"TaskDefinition": {"executed_lines": [], "summary": {"covered_lines": 0, "num_statements": 0, "percent_covered": 100.0, "percent_covered_display": "100", "missing_lines": 0, "excluded_lines": 0, "percent_statements_covered": 100.0, "percent_statements_covered_display": "100"}, "missing_lines": [], "excluded_lines": []}, "WorkflowGenerator": {"executed_lines": [49, 67, 68, 70, 74, 75, 76, 78, 79, 80, 83, 85, 94, 95, 96, 97, 98, 103, 104, 105, 106, 107, 109, 113, 130, 133, 134, 135, 137, 159, 160, 161, 164, 167, 168, 171, 174, 175, 188, 189, 198, 199, 200, 203, 227, 244, 245, 247, 248, 249, 260, 261, 265, 267, 283, 285, 286, 288], "summary": {"covered_lines": 58, "num_statements": 74, "percent_covered": 78.37837837837837, "percent_covered_display": "78", "missing_lines": 16, "excluded_lines": 0, "percent_statements_covered": 78.37837837837837, "percent_statements_covered_display": "78"}, "missing_lines": [297, 298, 300, 301, 302, 303, 304, 306, 307, 308, 309, 310, 311, 312, 313, 314], "excluded_lines": []}, "": {"executed_lines": [1, 17, 19, 20, 21, 22, 24, 26, 29, 30, 31, 33, 34, 35, 36, 37, 40, 41, 43, 51, 111, 115, 139, 229, 269, 290], "summary": {"covered_lines": 23, "num_statements": 23, "percent_covered": 100.0, "percent_covered_display": "100", "missing_lines": 0, "excluded_lines": 0, "percent_statements_covered": 100.0, "percent_statements_covered_display": "100"}, "missing_lines": [], "excluded_lines": []}}}}, "totals": {"covered_lines": 1011, "num_statements": 2052, "percent_covered": 49.26900584795322, "percent_covered_display": "49", "missing_lines": 1041, "excluded_lines": 9, "percent_statements_covered": 49.26900584795322, "percent_statements_covered_display": "49"}}